{"F:\\JS\\Escritorio\\Clases\\Pruebas De soft\\unit-mocha\\src\\business-logic\\checkText.logic.js":{"path":"F:\\JS\\Escritorio\\Clases\\Pruebas De soft\\unit-mocha\\src\\business-logic\\checkText.logic.js","statementMap":{"0":{"start":{"line":3,"column":0},"end":{"line":5,"column":3}},"1":{"start":{"line":6,"column":0},"end":{"line":6,"column":28}},"2":{"start":{"line":7,"column":19},"end":{"line":7,"column":56}},"3":{"start":{"line":8,"column":25},"end":{"line":8,"column":91}},"4":{"start":{"line":9,"column":39},"end":{"line":9,"column":95}},"5":{"start":{"line":10,"column":51},"end":{"line":10,"column":334}},"6":{"start":{"line":10,"column":153},"end":{"line":10,"column":171}},"7":{"start":{"line":10,"column":193},"end":{"line":10,"column":317}},"8":{"start":{"line":11,"column":196},"end":{"line":11,"column":269}},"9":{"start":{"line":11,"column":251},"end":{"line":11,"column":266}},"10":{"start":{"line":11,"column":284},"end":{"line":11,"column":286}},"11":{"start":{"line":11,"column":293},"end":{"line":11,"column":309}},"12":{"start":{"line":11,"column":320},"end":{"line":11,"column":337}},"13":{"start":{"line":11,"column":356},"end":{"line":11,"column":433}},"14":{"start":{"line":11,"column":409},"end":{"line":11,"column":431}},"15":{"start":{"line":11,"column":445},"end":{"line":11,"column":486}},"16":{"start":{"line":11,"column":505},"end":{"line":11,"column":537}},"17":{"start":{"line":11,"column":561},"end":{"line":11,"column":603}},"18":{"start":{"line":11,"column":625},"end":{"line":11,"column":663}},"19":{"start":{"line":11,"column":700},"end":{"line":11,"column":815}},"20":{"start":{"line":11,"column":818},"end":{"line":11,"column":929}},"21":{"start":{"line":11,"column":824},"end":{"line":11,"column":839}},"22":{"start":{"line":11,"column":856},"end":{"line":11,"column":927}},"23":{"start":{"line":11,"column":900},"end":{"line":11,"column":924}},"24":{"start":{"line":11,"column":1004},"end":{"line":11,"column":1075}},"25":{"start":{"line":11,"column":1089},"end":{"line":11,"column":1128}},"26":{"start":{"line":11,"column":1140},"end":{"line":11,"column":1170}},"27":{"start":{"line":11,"column":1172},"end":{"line":11,"column":1280}},"28":{"start":{"line":11,"column":1317},"end":{"line":11,"column":1427}},"29":{"start":{"line":11,"column":1323},"end":{"line":11,"column":1373}},"30":{"start":{"line":11,"column":1390},"end":{"line":11,"column":1425}},"31":{"start":{"line":11,"column":1430},"end":{"line":11,"column":1450}},"32":{"start":{"line":11,"column":1474},"end":{"line":11,"column":1476}},"33":{"start":{"line":11,"column":1599},"end":{"line":11,"column":1601}},"34":{"start":{"line":11,"column":1603},"end":{"line":11,"column":1675}},"35":{"start":{"line":11,"column":1659},"end":{"line":11,"column":1671}},"36":{"start":{"line":11,"column":1691},"end":{"line":11,"column":1712}},"37":{"start":{"line":11,"column":1740},"end":{"line":11,"column":1782}},"38":{"start":{"line":11,"column":1784},"end":{"line":11,"column":1947}},"39":{"start":{"line":11,"column":1957},"end":{"line":11,"column":2050}},"40":{"start":{"line":11,"column":2096},"end":{"line":11,"column":2236}},"41":{"start":{"line":11,"column":2152},"end":{"line":11,"column":2232}},"42":{"start":{"line":11,"column":2195},"end":{"line":11,"column":2228}},"43":{"start":{"line":11,"column":2349},"end":{"line":11,"column":2392}},"44":{"start":{"line":11,"column":2394},"end":{"line":11,"column":2886}},"45":{"start":{"line":11,"column":2438},"end":{"line":11,"column":2448}},"46":{"start":{"line":11,"column":2458},"end":{"line":11,"column":2470}},"47":{"start":{"line":11,"column":2472},"end":{"line":11,"column":2884}},"48":{"start":{"line":11,"column":2609},"end":{"line":11,"column":2648}},"49":{"start":{"line":11,"column":2669},"end":{"line":11,"column":2707}},"50":{"start":{"line":11,"column":2768},"end":{"line":11,"column":2810}},"51":{"start":{"line":11,"column":2833},"end":{"line":11,"column":2880}},"52":{"start":{"line":11,"column":2887},"end":{"line":11,"column":2906}},"53":{"start":{"line":11,"column":2930},"end":{"line":11,"column":3294}},"54":{"start":{"line":11,"column":3041},"end":{"line":11,"column":3134}},"55":{"start":{"line":11,"column":3093},"end":{"line":11,"column":3130}},"56":{"start":{"line":11,"column":3137},"end":{"line":11,"column":3288}},"57":{"start":{"line":11,"column":3361},"end":{"line":11,"column":3377}},"58":{"start":{"line":11,"column":3379},"end":{"line":11,"column":4499}},"59":{"start":{"line":11,"column":3411},"end":{"line":11,"column":3486}},"60":{"start":{"line":11,"column":3438},"end":{"line":11,"column":3486}},"61":{"start":{"line":11,"column":3487},"end":{"line":11,"column":3573}},"62":{"start":{"line":11,"column":3516},"end":{"line":11,"column":3550}},"63":{"start":{"line":11,"column":3540},"end":{"line":11,"column":3550}},"64":{"start":{"line":11,"column":3551},"end":{"line":11,"column":3571}},"65":{"start":{"line":11,"column":3574},"end":{"line":11,"column":4496}},"66":{"start":{"line":11,"column":3642},"end":{"line":11,"column":3658}},"67":{"start":{"line":11,"column":3660},"end":{"line":11,"column":3836}},"68":{"start":{"line":11,"column":3697},"end":{"line":11,"column":3735}},"69":{"start":{"line":11,"column":3737},"end":{"line":11,"column":3834}},"70":{"start":{"line":11,"column":3759},"end":{"line":11,"column":3809}},"71":{"start":{"line":11,"column":3800},"end":{"line":11,"column":3809}},"72":{"start":{"line":11,"column":3810},"end":{"line":11,"column":3832}},"73":{"start":{"line":11,"column":3837},"end":{"line":11,"column":4138}},"74":{"start":{"line":11,"column":3868},"end":{"line":11,"column":3911}},"75":{"start":{"line":11,"column":3916},"end":{"line":11,"column":4138}},"76":{"start":{"line":11,"column":3950},"end":{"line":11,"column":4021}},"77":{"start":{"line":11,"column":3982},"end":{"line":11,"column":4021}},"78":{"start":{"line":11,"column":4022},"end":{"line":11,"column":4061}},"79":{"start":{"line":11,"column":4069},"end":{"line":11,"column":4138}},"80":{"start":{"line":11,"column":4139},"end":{"line":11,"column":4159}},"81":{"start":{"line":11,"column":4173},"end":{"line":11,"column":4205}},"82":{"start":{"line":11,"column":4207},"end":{"line":11,"column":4392}},"83":{"start":{"line":11,"column":4239},"end":{"line":11,"column":4340}},"84":{"start":{"line":11,"column":4331},"end":{"line":11,"column":4340}},"85":{"start":{"line":11,"column":4341},"end":{"line":11,"column":4390}},"86":{"start":{"line":11,"column":4393},"end":{"line":11,"column":4494}},"87":{"start":{"line":11,"column":4569},"end":{"line":11,"column":4583}},"88":{"start":{"line":11,"column":4594},"end":{"line":11,"column":4623}},"89":{"start":{"line":11,"column":4625},"end":{"line":11,"column":5028}},"90":{"start":{"line":11,"column":4651},"end":{"line":11,"column":5028}},"91":{"start":{"line":11,"column":5042},"end":{"line":11,"column":5090}},"92":{"start":{"line":11,"column":5092},"end":{"line":11,"column":5222}},"93":{"start":{"line":11,"column":5121},"end":{"line":11,"column":5222}},"94":{"start":{"line":11,"column":5234},"end":{"line":11,"column":5244}},"95":{"start":{"line":11,"column":5246},"end":{"line":11,"column":5619}},"96":{"start":{"line":11,"column":5664},"end":{"line":11,"column":5683}},"97":{"start":{"line":11,"column":5685},"end":{"line":11,"column":5823}},"98":{"start":{"line":11,"column":5871},"end":{"line":11,"column":5893}},"99":{"start":{"line":11,"column":5895},"end":{"line":11,"column":5964}},"100":{"start":{"line":11,"column":5999},"end":{"line":11,"column":6095}},"101":{"start":{"line":11,"column":6126},"end":{"line":11,"column":6572}},"102":{"start":{"line":11,"column":6163},"end":{"line":11,"column":6187}},"103":{"start":{"line":11,"column":6189},"end":{"line":11,"column":6246}},"104":{"start":{"line":11,"column":6209},"end":{"line":11,"column":6246}},"105":{"start":{"line":11,"column":6247},"end":{"line":11,"column":6303}},"106":{"start":{"line":11,"column":6287},"end":{"line":11,"column":6303}},"107":{"start":{"line":11,"column":6304},"end":{"line":11,"column":6570}},"108":{"start":{"line":11,"column":6343},"end":{"line":11,"column":6345}},"109":{"start":{"line":11,"column":6354},"end":{"line":11,"column":6542}},"110":{"start":{"line":11,"column":6372},"end":{"line":11,"column":6487}},"111":{"start":{"line":11,"column":6403},"end":{"line":11,"column":6487}},"112":{"start":{"line":11,"column":6433},"end":{"line":11,"column":6487}},"113":{"start":{"line":11,"column":6488},"end":{"line":11,"column":6540}},"114":{"start":{"line":11,"column":6544},"end":{"line":11,"column":6568}},"115":{"start":{"line":11,"column":6573},"end":{"line":11,"column":6601}},"116":{"start":{"line":11,"column":6628},"end":{"line":11,"column":6666}},"117":{"start":{"line":11,"column":6669},"end":{"line":11,"column":12094}},"118":{"start":{"line":11,"column":7102},"end":{"line":11,"column":7151}},"119":{"start":{"line":11,"column":7153},"end":{"line":11,"column":7258}},"120":{"start":{"line":11,"column":7297},"end":{"line":11,"column":7538}},"121":{"start":{"line":11,"column":7575},"end":{"line":11,"column":7599}},"122":{"start":{"line":11,"column":7718},"end":{"line":11,"column":7730}},"123":{"start":{"line":11,"column":7852},"end":{"line":11,"column":7902}},"124":{"start":{"line":11,"column":7914},"end":{"line":11,"column":7987}},"125":{"start":{"line":11,"column":7989},"end":{"line":11,"column":8131}},"126":{"start":{"line":11,"column":8079},"end":{"line":11,"column":8127}},"127":{"start":{"line":11,"column":8247},"end":{"line":11,"column":8259}},"128":{"start":{"line":11,"column":8301},"end":{"line":11,"column":8329}},"129":{"start":{"line":11,"column":8379},"end":{"line":11,"column":8390}},"130":{"start":{"line":11,"column":8399},"end":{"line":11,"column":8401}},"131":{"start":{"line":11,"column":8403},"end":{"line":11,"column":8442}},"132":{"start":{"line":11,"column":8427},"end":{"line":11,"column":8442}},"133":{"start":{"line":11,"column":8443},"end":{"line":11,"column":8628}},"134":{"start":{"line":11,"column":8484},"end":{"line":11,"column":8596}},"135":{"start":{"line":11,"column":8517},"end":{"line":11,"column":8527}},"136":{"start":{"line":11,"column":8529},"end":{"line":11,"column":8594}},"137":{"start":{"line":11,"column":8548},"end":{"line":11,"column":8594}},"138":{"start":{"line":11,"column":8597},"end":{"line":11,"column":8625}},"139":{"start":{"line":11,"column":8740},"end":{"line":11,"column":9075}},"140":{"start":{"line":11,"column":8948},"end":{"line":11,"column":9075}},"141":{"start":{"line":11,"column":8971},"end":{"line":11,"column":9075}},"142":{"start":{"line":11,"column":9103},"end":{"line":11,"column":9118}},"143":{"start":{"line":11,"column":9136},"end":{"line":11,"column":9165}},"144":{"start":{"line":11,"column":9167},"end":{"line":11,"column":9221}},"145":{"start":{"line":11,"column":9200},"end":{"line":11,"column":9221}},"146":{"start":{"line":11,"column":9222},"end":{"line":11,"column":9239}},"147":{"start":{"line":11,"column":9302},"end":{"line":11,"column":9333}},"148":{"start":{"line":11,"column":9317},"end":{"line":11,"column":9333}},"149":{"start":{"line":11,"column":9348},"end":{"line":11,"column":9352}},"150":{"start":{"line":11,"column":9385},"end":{"line":11,"column":9530}},"151":{"start":{"line":11,"column":9533},"end":{"line":11,"column":10237}},"152":{"start":{"line":11,"column":9546},"end":{"line":11,"column":9572}},"153":{"start":{"line":11,"column":9601},"end":{"line":11,"column":9619}},"154":{"start":{"line":11,"column":9630},"end":{"line":11,"column":9646}},"155":{"start":{"line":11,"column":9648},"end":{"line":11,"column":9698}},"156":{"start":{"line":11,"column":9677},"end":{"line":11,"column":9698}},"157":{"start":{"line":11,"column":9699},"end":{"line":11,"column":10235}},"158":{"start":{"line":11,"column":9747},"end":{"line":11,"column":9777}},"159":{"start":{"line":11,"column":9792},"end":{"line":11,"column":9824}},"160":{"start":{"line":11,"column":9826},"end":{"line":11,"column":10233}},"161":{"start":{"line":11,"column":9856},"end":{"line":11,"column":9922}},"162":{"start":{"line":11,"column":9888},"end":{"line":11,"column":9922}},"163":{"start":{"line":11,"column":9923},"end":{"line":11,"column":9989}},"164":{"start":{"line":11,"column":9957},"end":{"line":11,"column":9989}},"165":{"start":{"line":11,"column":9997},"end":{"line":11,"column":10233}},"166":{"start":{"line":11,"column":10013},"end":{"line":11,"column":10079}},"167":{"start":{"line":11,"column":10045},"end":{"line":11,"column":10079}},"168":{"start":{"line":11,"column":10089},"end":{"line":11,"column":10164}},"169":{"start":{"line":11,"column":10106},"end":{"line":11,"column":10164}},"170":{"start":{"line":11,"column":10165},"end":{"line":11,"column":10231}},"171":{"start":{"line":11,"column":10199},"end":{"line":11,"column":10231}},"172":{"start":{"line":11,"column":10278},"end":{"line":11,"column":10503}},"173":{"start":{"line":11,"column":10291},"end":{"line":11,"column":10317}},"174":{"start":{"line":11,"column":10346},"end":{"line":11,"column":10364}},"175":{"start":{"line":11,"column":10366},"end":{"line":11,"column":10501}},"176":{"start":{"line":11,"column":10486},"end":{"line":11,"column":10491}},"177":{"start":{"line":11,"column":10493},"end":{"line":11,"column":10499}},"178":{"start":{"line":11,"column":10504},"end":{"line":11,"column":10651}},"179":{"start":{"line":11,"column":10665},"end":{"line":11,"column":10708}},"180":{"start":{"line":11,"column":10710},"end":{"line":11,"column":10872}},"181":{"start":{"line":11,"column":10924},"end":{"line":11,"column":10970}},"182":{"start":{"line":11,"column":10953},"end":{"line":11,"column":10970}},"183":{"start":{"line":11,"column":10971},"end":{"line":11,"column":11248}},"184":{"start":{"line":11,"column":11290},"end":{"line":11,"column":11512}},"185":{"start":{"line":11,"column":11303},"end":{"line":11,"column":11329}},"186":{"start":{"line":11,"column":11358},"end":{"line":11,"column":11376}},"187":{"start":{"line":11,"column":11378},"end":{"line":11,"column":11510}},"188":{"start":{"line":11,"column":11415},"end":{"line":11,"column":11510}},"189":{"start":{"line":11,"column":11551},"end":{"line":11,"column":11799}},"190":{"start":{"line":11,"column":11564},"end":{"line":11,"column":11590}},"191":{"start":{"line":11,"column":11619},"end":{"line":11,"column":11637}},"192":{"start":{"line":11,"column":11639},"end":{"line":11,"column":11797}},"193":{"start":{"line":11,"column":11683},"end":{"line":11,"column":11699}},"194":{"start":{"line":11,"column":11701},"end":{"line":11,"column":11780}},"195":{"start":{"line":11,"column":11745},"end":{"line":11,"column":11755}},"196":{"start":{"line":11,"column":11757},"end":{"line":11,"column":11778}},"197":{"start":{"line":11,"column":11781},"end":{"line":11,"column":11795}},"198":{"start":{"line":11,"column":11800},"end":{"line":11,"column":11841}},"199":{"start":{"line":11,"column":11916},"end":{"line":11,"column":12080}},"200":{"start":{"line":12,"column":77},"end":{"line":12,"column":175}},"201":{"start":{"line":12,"column":94},"end":{"line":12,"column":107}},"202":{"start":{"line":12,"column":121},"end":{"line":12,"column":131}},"203":{"start":{"line":12,"column":151},"end":{"line":12,"column":165}},"204":{"start":{"line":12,"column":166},"end":{"line":12,"column":173}},"205":{"start":{"line":12,"column":176},"end":{"line":12,"column":263}},"206":{"start":{"line":12,"column":193},"end":{"line":12,"column":208}},"207":{"start":{"line":12,"column":218},"end":{"line":12,"column":261}},"208":{"start":{"line":13,"column":33},"end":{"line":13,"column":387}},"209":{"start":{"line":13,"column":65},"end":{"line":13,"column":69}},"210":{"start":{"line":13,"column":78},"end":{"line":13,"column":87}},"211":{"start":{"line":13,"column":89},"end":{"line":13,"column":384}},"212":{"start":{"line":13,"column":147},"end":{"line":13,"column":167}},"213":{"start":{"line":13,"column":193},"end":{"line":13,"column":264}},"214":{"start":{"line":13,"column":290},"end":{"line":13,"column":360}},"215":{"start":{"line":13,"column":363},"end":{"line":13,"column":380}},"216":{"start":{"line":21,"column":2},"end":{"line":21,"column":43}},"217":{"start":{"line":29,"column":2},"end":{"line":56,"column":6}},"218":{"start":{"line":31,"column":4},"end":{"line":55,"column":16}},"219":{"start":{"line":32,"column":6},"end":{"line":54,"column":7}},"220":{"start":{"line":32,"column":16},"end":{"line":54,"column":7}},"221":{"start":{"line":34,"column":10},"end":{"line":34,"column":45}},"222":{"start":{"line":35,"column":10},"end":{"line":35,"column":41}},"223":{"start":{"line":36,"column":10},"end":{"line":36,"column":44}},"224":{"start":{"line":37,"column":10},"end":{"line":40,"column":11}},"225":{"start":{"line":38,"column":12},"end":{"line":38,"column":30}},"226":{"start":{"line":39,"column":12},"end":{"line":39,"column":18}},"227":{"start":{"line":41,"column":10},"end":{"line":41,"column":86}},"228":{"start":{"line":43,"column":10},"end":{"line":43,"column":45}},"229":{"start":{"line":44,"column":10},"end":{"line":44,"column":28}},"230":{"start":{"line":45,"column":10},"end":{"line":48,"column":13}},"231":{"start":{"line":50,"column":10},"end":{"line":50,"column":51}},"232":{"start":{"line":53,"column":10},"end":{"line":53,"column":33}},"233":{"start":{"line":57,"column":2},"end":{"line":57,"column":43}},"234":{"start":{"line":60,"column":16},"end":{"line":70,"column":28}},"235":{"start":{"line":71,"column":2},"end":{"line":71,"column":30}},"236":{"start":{"line":80,"column":2},"end":{"line":80,"column":50}},"237":{"start":{"line":94,"column":15},"end":{"line":97,"column":1}},"238":{"start":{"line":98,"column":15},"end":{"line":98,"column":24}},"239":{"start":{"line":99,"column":0},"end":{"line":99,"column":30}}},"fnMap":{"0":{"name":"_interopRequireDefault","decl":{"start":{"line":9,"column":9},"end":{"line":9,"column":31}},"loc":{"start":{"line":9,"column":37},"end":{"line":9,"column":97}},"line":9},"1":{"name":"_typeof","decl":{"start":{"line":10,"column":9},"end":{"line":10,"column":16}},"loc":{"start":{"line":10,"column":22},"end":{"line":10,"column":336}},"line":10},"2":{"name":"(anonymous_2)","decl":{"start":{"line":10,"column":136},"end":{"line":10,"column":137}},"loc":{"start":{"line":10,"column":151},"end":{"line":10,"column":173}},"line":10},"3":{"name":"(anonymous_3)","decl":{"start":{"line":10,"column":176},"end":{"line":10,"column":177}},"loc":{"start":{"line":10,"column":191},"end":{"line":10,"column":319}},"line":10},"4":{"name":"_regeneratorRuntime","decl":{"start":{"line":11,"column":9},"end":{"line":11,"column":28}},"loc":{"start":{"line":11,"column":31},"end":{"line":11,"column":12096}},"line":11},"5":{"name":"_regeneratorRuntime","decl":{"start":{"line":11,"column":227},"end":{"line":11,"column":246}},"loc":{"start":{"line":11,"column":249},"end":{"line":11,"column":268}},"line":11},"6":{"name":"(anonymous_6)","decl":{"start":{"line":11,"column":381},"end":{"line":11,"column":382}},"loc":{"start":{"line":11,"column":407},"end":{"line":11,"column":433}},"line":11},"7":{"name":"define","decl":{"start":{"line":11,"column":674},"end":{"line":11,"column":680}},"loc":{"start":{"line":11,"column":698},"end":{"line":11,"column":817}},"line":11},"8":{"name":"define","decl":{"start":{"line":11,"column":874},"end":{"line":11,"column":880}},"loc":{"start":{"line":11,"column":898},"end":{"line":11,"column":926}},"line":11},"9":{"name":"wrap","decl":{"start":{"line":11,"column":939},"end":{"line":11,"column":943}},"loc":{"start":{"line":11,"column":981},"end":{"line":11,"column":1282}},"line":11},"10":{"name":"tryCatch","decl":{"start":{"line":11,"column":1292},"end":{"line":11,"column":1300}},"loc":{"start":{"line":11,"column":1315},"end":{"line":11,"column":1429}},"line":11},"11":{"name":"Generator","decl":{"start":{"line":11,"column":1487},"end":{"line":11,"column":1496}},"loc":{"start":{"line":11,"column":1499},"end":{"line":11,"column":1501}},"line":11},"12":{"name":"GeneratorFunction","decl":{"start":{"line":11,"column":1511},"end":{"line":11,"column":1528}},"loc":{"start":{"line":11,"column":1531},"end":{"line":11,"column":1533}},"line":11},"13":{"name":"GeneratorFunctionPrototype","decl":{"start":{"line":11,"column":1543},"end":{"line":11,"column":1569}},"loc":{"start":{"line":11,"column":1572},"end":{"line":11,"column":1574}},"line":11},"14":{"name":"(anonymous_14)","decl":{"start":{"line":11,"column":1645},"end":{"line":11,"column":1646}},"loc":{"start":{"line":11,"column":1657},"end":{"line":11,"column":1673}},"line":11},"15":{"name":"defineIteratorMethods","decl":{"start":{"line":11,"column":2061},"end":{"line":11,"column":2082}},"loc":{"start":{"line":11,"column":2094},"end":{"line":11,"column":2238}},"line":11},"16":{"name":"(anonymous_16)","decl":{"start":{"line":11,"column":2132},"end":{"line":11,"column":2133}},"loc":{"start":{"line":11,"column":2150},"end":{"line":11,"column":2234}},"line":11},"17":{"name":"(anonymous_17)","decl":{"start":{"line":11,"column":2178},"end":{"line":11,"column":2179}},"loc":{"start":{"line":11,"column":2193},"end":{"line":11,"column":2230}},"line":11},"18":{"name":"AsyncIterator","decl":{"start":{"line":11,"column":2248},"end":{"line":11,"column":2261}},"loc":{"start":{"line":11,"column":2286},"end":{"line":11,"column":3296}},"line":11},"19":{"name":"invoke","decl":{"start":{"line":11,"column":2297},"end":{"line":11,"column":2303}},"loc":{"start":{"line":11,"column":2334},"end":{"line":11,"column":2908}},"line":11},"20":{"name":"(anonymous_20)","decl":{"start":{"line":11,"column":2590},"end":{"line":11,"column":2591}},"loc":{"start":{"line":11,"column":2607},"end":{"line":11,"column":2650}},"line":11},"21":{"name":"(anonymous_21)","decl":{"start":{"line":11,"column":2652},"end":{"line":11,"column":2653}},"loc":{"start":{"line":11,"column":2667},"end":{"line":11,"column":2709}},"line":11},"22":{"name":"(anonymous_22)","decl":{"start":{"line":11,"column":2745},"end":{"line":11,"column":2746}},"loc":{"start":{"line":11,"column":2766},"end":{"line":11,"column":2812}},"line":11},"23":{"name":"(anonymous_23)","decl":{"start":{"line":11,"column":2814},"end":{"line":11,"column":2815}},"loc":{"start":{"line":11,"column":2831},"end":{"line":11,"column":2882}},"line":11},"24":{"name":"value","decl":{"start":{"line":11,"column":2980},"end":{"line":11,"column":2985}},"loc":{"start":{"line":11,"column":2999},"end":{"line":11,"column":3290}},"line":11},"25":{"name":"callInvokeWithMethodAndArg","decl":{"start":{"line":11,"column":3010},"end":{"line":11,"column":3036}},"loc":{"start":{"line":11,"column":3039},"end":{"line":11,"column":3136}},"line":11},"26":{"name":"(anonymous_26)","decl":{"start":{"line":11,"column":3064},"end":{"line":11,"column":3065}},"loc":{"start":{"line":11,"column":3091},"end":{"line":11,"column":3132}},"line":11},"27":{"name":"makeInvokeMethod","decl":{"start":{"line":11,"column":3306},"end":{"line":11,"column":3322}},"loc":{"start":{"line":11,"column":3347},"end":{"line":11,"column":4501}},"line":11},"28":{"name":"(anonymous_28)","decl":{"start":{"line":11,"column":3386},"end":{"line":11,"column":3387}},"loc":{"start":{"line":11,"column":3409},"end":{"line":11,"column":4498}},"line":11},"29":{"name":"maybeInvokeDelegate","decl":{"start":{"line":11,"column":4511},"end":{"line":11,"column":4530}},"loc":{"start":{"line":11,"column":4550},"end":{"line":11,"column":5621}},"line":11},"30":{"name":"pushTryEntry","decl":{"start":{"line":11,"column":5631},"end":{"line":11,"column":5643}},"loc":{"start":{"line":11,"column":5650},"end":{"line":11,"column":5825}},"line":11},"31":{"name":"resetTryEntry","decl":{"start":{"line":11,"column":5835},"end":{"line":11,"column":5848}},"loc":{"start":{"line":11,"column":5856},"end":{"line":11,"column":5966}},"line":11},"32":{"name":"Context","decl":{"start":{"line":11,"column":5976},"end":{"line":11,"column":5983}},"loc":{"start":{"line":11,"column":5997},"end":{"line":11,"column":6097}},"line":11},"33":{"name":"values","decl":{"start":{"line":11,"column":6107},"end":{"line":11,"column":6113}},"loc":{"start":{"line":11,"column":6124},"end":{"line":11,"column":6603}},"line":11},"34":{"name":"next","decl":{"start":{"line":11,"column":6363},"end":{"line":11,"column":6367}},"loc":{"start":{"line":11,"column":6370},"end":{"line":11,"column":6542}},"line":11},"35":{"name":"doneResult","decl":{"start":{"line":11,"column":6613},"end":{"line":11,"column":6623}},"loc":{"start":{"line":11,"column":6626},"end":{"line":11,"column":6668}},"line":11},"36":{"name":"(anonymous_36)","decl":{"start":{"line":11,"column":7071},"end":{"line":11,"column":7072}},"loc":{"start":{"line":11,"column":7089},"end":{"line":11,"column":7260}},"line":11},"37":{"name":"(anonymous_37)","decl":{"start":{"line":11,"column":7277},"end":{"line":11,"column":7278}},"loc":{"start":{"line":11,"column":7295},"end":{"line":11,"column":7540}},"line":11},"38":{"name":"(anonymous_38)","decl":{"start":{"line":11,"column":7558},"end":{"line":11,"column":7559}},"loc":{"start":{"line":11,"column":7573},"end":{"line":11,"column":7601}},"line":11},"39":{"name":"(anonymous_39)","decl":{"start":{"line":11,"column":7704},"end":{"line":11,"column":7705}},"loc":{"start":{"line":11,"column":7716},"end":{"line":11,"column":7732}},"line":11},"40":{"name":"(anonymous_40)","decl":{"start":{"line":11,"column":7790},"end":{"line":11,"column":7791}},"loc":{"start":{"line":11,"column":7850},"end":{"line":11,"column":8133}},"line":11},"41":{"name":"(anonymous_41)","decl":{"start":{"line":11,"column":8059},"end":{"line":11,"column":8060}},"loc":{"start":{"line":11,"column":8077},"end":{"line":11,"column":8129}},"line":11},"42":{"name":"(anonymous_42)","decl":{"start":{"line":11,"column":8233},"end":{"line":11,"column":8234}},"loc":{"start":{"line":11,"column":8245},"end":{"line":11,"column":8261}},"line":11},"43":{"name":"(anonymous_43)","decl":{"start":{"line":11,"column":8287},"end":{"line":11,"column":8288}},"loc":{"start":{"line":11,"column":8299},"end":{"line":11,"column":8331}},"line":11},"44":{"name":"(anonymous_44)","decl":{"start":{"line":11,"column":8349},"end":{"line":11,"column":8350}},"loc":{"start":{"line":11,"column":8364},"end":{"line":11,"column":8630}},"line":11},"45":{"name":"next","decl":{"start":{"line":11,"column":8475},"end":{"line":11,"column":8479}},"loc":{"start":{"line":11,"column":8482},"end":{"line":11,"column":8627}},"line":11},"46":{"name":"reset","decl":{"start":{"line":11,"column":8717},"end":{"line":11,"column":8722}},"loc":{"start":{"line":11,"column":8738},"end":{"line":11,"column":9077}},"line":11},"47":{"name":"stop","decl":{"start":{"line":11,"column":9094},"end":{"line":11,"column":9098}},"loc":{"start":{"line":11,"column":9101},"end":{"line":11,"column":9241}},"line":11},"48":{"name":"dispatchException","decl":{"start":{"line":11,"column":9271},"end":{"line":11,"column":9288}},"loc":{"start":{"line":11,"column":9300},"end":{"line":11,"column":10239}},"line":11},"49":{"name":"handle","decl":{"start":{"line":11,"column":9363},"end":{"line":11,"column":9369}},"loc":{"start":{"line":11,"column":9383},"end":{"line":11,"column":9532}},"line":11},"50":{"name":"abrupt","decl":{"start":{"line":11,"column":10258},"end":{"line":11,"column":10264}},"loc":{"start":{"line":11,"column":10276},"end":{"line":11,"column":10874}},"line":11},"51":{"name":"complete","decl":{"start":{"line":11,"column":10895},"end":{"line":11,"column":10903}},"loc":{"start":{"line":11,"column":10922},"end":{"line":11,"column":11250}},"line":11},"52":{"name":"finish","decl":{"start":{"line":11,"column":11269},"end":{"line":11,"column":11275}},"loc":{"start":{"line":11,"column":11288},"end":{"line":11,"column":11514}},"line":11},"53":{"name":"_catch","decl":{"start":{"line":11,"column":11534},"end":{"line":11,"column":11540}},"loc":{"start":{"line":11,"column":11549},"end":{"line":11,"column":11843}},"line":11},"54":{"name":"delegateYield","decl":{"start":{"line":11,"column":11869},"end":{"line":11,"column":11882}},"loc":{"start":{"line":11,"column":11914},"end":{"line":11,"column":12082}},"line":11},"55":{"name":"asyncGeneratorStep","decl":{"start":{"line":12,"column":9},"end":{"line":12,"column":27}},"loc":{"start":{"line":12,"column":75},"end":{"line":12,"column":265}},"line":12},"56":{"name":"_asyncToGenerator","decl":{"start":{"line":13,"column":9},"end":{"line":13,"column":26}},"loc":{"start":{"line":13,"column":31},"end":{"line":13,"column":389}},"line":13},"57":{"name":"(anonymous_57)","decl":{"start":{"line":13,"column":40},"end":{"line":13,"column":41}},"loc":{"start":{"line":13,"column":52},"end":{"line":13,"column":386}},"line":13},"58":{"name":"(anonymous_58)","decl":{"start":{"line":13,"column":108},"end":{"line":13,"column":109}},"loc":{"start":{"line":13,"column":135},"end":{"line":13,"column":382}},"line":13},"59":{"name":"_next","decl":{"start":{"line":13,"column":178},"end":{"line":13,"column":183}},"loc":{"start":{"line":13,"column":191},"end":{"line":13,"column":266}},"line":13},"60":{"name":"_throw","decl":{"start":{"line":13,"column":276},"end":{"line":13,"column":282}},"loc":{"start":{"line":13,"column":288},"end":{"line":13,"column":362}},"line":13},"61":{"name":"checkText","decl":{"start":{"line":20,"column":9},"end":{"line":20,"column":18}},"loc":{"start":{"line":20,"column":23},"end":{"line":22,"column":1}},"line":20},"62":{"name":"_checkText","decl":{"start":{"line":28,"column":9},"end":{"line":28,"column":19}},"loc":{"start":{"line":28,"column":22},"end":{"line":58,"column":1}},"line":28},"63":{"name":"_callee","decl":{"start":{"line":29,"column":83},"end":{"line":29,"column":90}},"loc":{"start":{"line":29,"column":97},"end":{"line":56,"column":3}},"line":29},"64":{"name":"_callee$","decl":{"start":{"line":31,"column":47},"end":{"line":31,"column":55}},"loc":{"start":{"line":31,"column":66},"end":{"line":55,"column":5}},"line":31},"65":{"name":"checkURL","decl":{"start":{"line":59,"column":9},"end":{"line":59,"column":17}},"loc":{"start":{"line":59,"column":24},"end":{"line":72,"column":1}},"line":59},"66":{"name":"checkNumber","decl":{"start":{"line":79,"column":9},"end":{"line":79,"column":20}},"loc":{"start":{"line":79,"column":27},"end":{"line":81,"column":1}},"line":79}},"branchMap":{"0":{"loc":{"start":{"line":9,"column":46},"end":{"line":9,"column":94}},"type":"cond-expr","locations":[{"start":{"line":9,"column":70},"end":{"line":9,"column":73}},{"start":{"line":9,"column":76},"end":{"line":9,"column":94}}],"line":9},"1":{"loc":{"start":{"line":9,"column":46},"end":{"line":9,"column":67}},"type":"binary-expr","locations":[{"start":{"line":9,"column":46},"end":{"line":9,"column":49}},{"start":{"line":9,"column":53},"end":{"line":9,"column":67}}],"line":9},"2":{"loc":{"start":{"line":10,"column":68},"end":{"line":10,"column":319}},"type":"cond-expr","locations":[{"start":{"line":10,"column":136},"end":{"line":10,"column":173}},{"start":{"line":10,"column":176},"end":{"line":10,"column":319}}],"line":10},"3":{"loc":{"start":{"line":10,"column":68},"end":{"line":10,"column":133}},"type":"binary-expr","locations":[{"start":{"line":10,"column":68},"end":{"line":10,"column":95}},{"start":{"line":10,"column":99},"end":{"line":10,"column":133}}],"line":10},"4":{"loc":{"start":{"line":10,"column":200},"end":{"line":10,"column":316}},"type":"cond-expr","locations":[{"start":{"line":10,"column":295},"end":{"line":10,"column":303}},{"start":{"line":10,"column":306},"end":{"line":10,"column":316}}],"line":10},"5":{"loc":{"start":{"line":10,"column":200},"end":{"line":10,"column":292}},"type":"binary-expr","locations":[{"start":{"line":10,"column":200},"end":{"line":10,"column":203}},{"start":{"line":10,"column":207},"end":{"line":10,"column":234}},{"start":{"line":10,"column":238},"end":{"line":10,"column":264}},{"start":{"line":10,"column":268},"end":{"line":10,"column":292}}],"line":10},"6":{"loc":{"start":{"line":11,"column":356},"end":{"line":11,"column":433}},"type":"binary-expr","locations":[{"start":{"line":11,"column":356},"end":{"line":11,"column":377}},{"start":{"line":11,"column":381},"end":{"line":11,"column":433}}],"line":11},"7":{"loc":{"start":{"line":11,"column":445},"end":{"line":11,"column":486}},"type":"cond-expr","locations":[{"start":{"line":11,"column":475},"end":{"line":11,"column":481}},{"start":{"line":11,"column":484},"end":{"line":11,"column":486}}],"line":11},"8":{"loc":{"start":{"line":11,"column":505},"end":{"line":11,"column":537}},"type":"binary-expr","locations":[{"start":{"line":11,"column":505},"end":{"line":11,"column":521}},{"start":{"line":11,"column":525},"end":{"line":11,"column":537}}],"line":11},"9":{"loc":{"start":{"line":11,"column":561},"end":{"line":11,"column":603}},"type":"binary-expr","locations":[{"start":{"line":11,"column":561},"end":{"line":11,"column":582}},{"start":{"line":11,"column":586},"end":{"line":11,"column":603}}],"line":11},"10":{"loc":{"start":{"line":11,"column":625},"end":{"line":11,"column":663}},"type":"binary-expr","locations":[{"start":{"line":11,"column":625},"end":{"line":11,"column":644}},{"start":{"line":11,"column":648},"end":{"line":11,"column":663}}],"line":11},"11":{"loc":{"start":{"line":11,"column":1004},"end":{"line":11,"column":1075}},"type":"cond-expr","locations":[{"start":{"line":11,"column":1056},"end":{"line":11,"column":1063}},{"start":{"line":11,"column":1066},"end":{"line":11,"column":1075}}],"line":11},"12":{"loc":{"start":{"line":11,"column":1004},"end":{"line":11,"column":1053}},"type":"binary-expr","locations":[{"start":{"line":11,"column":1004},"end":{"line":11,"column":1011}},{"start":{"line":11,"column":1015},"end":{"line":11,"column":1053}}],"line":11},"13":{"loc":{"start":{"line":11,"column":1152},"end":{"line":11,"column":1169}},"type":"binary-expr","locations":[{"start":{"line":11,"column":1152},"end":{"line":11,"column":1163}},{"start":{"line":11,"column":1167},"end":{"line":11,"column":1169}}],"line":11},"14":{"loc":{"start":{"line":11,"column":1740},"end":{"line":11,"column":1782}},"type":"binary-expr","locations":[{"start":{"line":11,"column":1740},"end":{"line":11,"column":1748}},{"start":{"line":11,"column":1752},"end":{"line":11,"column":1782}}],"line":11},"15":{"loc":{"start":{"line":11,"column":1784},"end":{"line":11,"column":1946}},"type":"binary-expr","locations":[{"start":{"line":11,"column":1784},"end":{"line":11,"column":1807}},{"start":{"line":11,"column":1811},"end":{"line":11,"column":1841}},{"start":{"line":11,"column":1845},"end":{"line":11,"column":1897}},{"start":{"line":11,"column":1902},"end":{"line":11,"column":1945}}],"line":11},"16":{"loc":{"start":{"line":11,"column":2394},"end":{"line":11,"column":2886}},"type":"if","locations":[{"start":{"line":11,"column":2394},"end":{"line":11,"column":2886}},{"start":{"line":11,"column":2394},"end":{"line":11,"column":2886}}],"line":11},"17":{"loc":{"start":{"line":11,"column":2479},"end":{"line":11,"column":2883}},"type":"cond-expr","locations":[{"start":{"line":11,"column":2550},"end":{"line":11,"column":2710}},{"start":{"line":11,"column":2713},"end":{"line":11,"column":2883}}],"line":11},"18":{"loc":{"start":{"line":11,"column":2479},"end":{"line":11,"column":2547}},"type":"binary-expr","locations":[{"start":{"line":11,"column":2479},"end":{"line":11,"column":2484}},{"start":{"line":11,"column":2488},"end":{"line":11,"column":2514}},{"start":{"line":11,"column":2518},"end":{"line":11,"column":2547}}],"line":11},"19":{"loc":{"start":{"line":11,"column":3162},"end":{"line":11,"column":3287}},"type":"cond-expr","locations":[{"start":{"line":11,"column":3180},"end":{"line":11,"column":3256}},{"start":{"line":11,"column":3259},"end":{"line":11,"column":3287}}],"line":11},"20":{"loc":{"start":{"line":11,"column":3411},"end":{"line":11,"column":3486}},"type":"if","locations":[{"start":{"line":11,"column":3411},"end":{"line":11,"column":3486}},{"start":{"line":11,"column":3411},"end":{"line":11,"column":3486}}],"line":11},"21":{"loc":{"start":{"line":11,"column":3487},"end":{"line":11,"column":3573}},"type":"if","locations":[{"start":{"line":11,"column":3487},"end":{"line":11,"column":3573}},{"start":{"line":11,"column":3487},"end":{"line":11,"column":3573}}],"line":11},"22":{"loc":{"start":{"line":11,"column":3516},"end":{"line":11,"column":3550}},"type":"if","locations":[{"start":{"line":11,"column":3516},"end":{"line":11,"column":3550}},{"start":{"line":11,"column":3516},"end":{"line":11,"column":3550}}],"line":11},"23":{"loc":{"start":{"line":11,"column":3660},"end":{"line":11,"column":3836}},"type":"if","locations":[{"start":{"line":11,"column":3660},"end":{"line":11,"column":3836}},{"start":{"line":11,"column":3660},"end":{"line":11,"column":3836}}],"line":11},"24":{"loc":{"start":{"line":11,"column":3737},"end":{"line":11,"column":3834}},"type":"if","locations":[{"start":{"line":11,"column":3737},"end":{"line":11,"column":3834}},{"start":{"line":11,"column":3737},"end":{"line":11,"column":3834}}],"line":11},"25":{"loc":{"start":{"line":11,"column":3759},"end":{"line":11,"column":3809}},"type":"if","locations":[{"start":{"line":11,"column":3759},"end":{"line":11,"column":3809}},{"start":{"line":11,"column":3759},"end":{"line":11,"column":3809}}],"line":11},"26":{"loc":{"start":{"line":11,"column":3837},"end":{"line":11,"column":4138}},"type":"if","locations":[{"start":{"line":11,"column":3837},"end":{"line":11,"column":4138}},{"start":{"line":11,"column":3837},"end":{"line":11,"column":4138}}],"line":11},"27":{"loc":{"start":{"line":11,"column":3916},"end":{"line":11,"column":4138}},"type":"if","locations":[{"start":{"line":11,"column":3916},"end":{"line":11,"column":4138}},{"start":{"line":11,"column":3916},"end":{"line":11,"column":4138}}],"line":11},"28":{"loc":{"start":{"line":11,"column":3950},"end":{"line":11,"column":4021}},"type":"if","locations":[{"start":{"line":11,"column":3950},"end":{"line":11,"column":4021}},{"start":{"line":11,"column":3950},"end":{"line":11,"column":4021}}],"line":11},"29":{"loc":{"start":{"line":11,"column":4069},"end":{"line":11,"column":4137}},"type":"binary-expr","locations":[{"start":{"line":11,"column":4069},"end":{"line":11,"column":4096}},{"start":{"line":11,"column":4100},"end":{"line":11,"column":4137}}],"line":11},"30":{"loc":{"start":{"line":11,"column":4207},"end":{"line":11,"column":4392}},"type":"if","locations":[{"start":{"line":11,"column":4207},"end":{"line":11,"column":4392}},{"start":{"line":11,"column":4207},"end":{"line":11,"column":4392}}],"line":11},"31":{"loc":{"start":{"line":11,"column":4239},"end":{"line":11,"column":4340}},"type":"if","locations":[{"start":{"line":11,"column":4239},"end":{"line":11,"column":4340}},{"start":{"line":11,"column":4239},"end":{"line":11,"column":4340}}],"line":11},"32":{"loc":{"start":{"line":11,"column":4251},"end":{"line":11,"column":4296}},"type":"cond-expr","locations":[{"start":{"line":11,"column":4266},"end":{"line":11,"column":4277}},{"start":{"line":11,"column":4280},"end":{"line":11,"column":4296}}],"line":11},"33":{"loc":{"start":{"line":11,"column":4393},"end":{"line":11,"column":4493}},"type":"binary-expr","locations":[{"start":{"line":11,"column":4393},"end":{"line":11,"column":4416}},{"start":{"line":11,"column":4421},"end":{"line":11,"column":4492}}],"line":11},"34":{"loc":{"start":{"line":11,"column":4625},"end":{"line":11,"column":5028}},"type":"if","locations":[{"start":{"line":11,"column":4625},"end":{"line":11,"column":5028}},{"start":{"line":11,"column":4625},"end":{"line":11,"column":5028}}],"line":11},"35":{"loc":{"start":{"line":11,"column":4683},"end":{"line":11,"column":5009}},"type":"binary-expr","locations":[{"start":{"line":11,"column":4683},"end":{"line":11,"column":4705}},{"start":{"line":11,"column":4709},"end":{"line":11,"column":4736}},{"start":{"line":11,"column":4741},"end":{"line":11,"column":4859}},{"start":{"line":11,"column":4864},"end":{"line":11,"column":4887}},{"start":{"line":11,"column":4892},"end":{"line":11,"column":5008}}],"line":11},"36":{"loc":{"start":{"line":11,"column":5092},"end":{"line":11,"column":5222}},"type":"if","locations":[{"start":{"line":11,"column":5092},"end":{"line":11,"column":5222}},{"start":{"line":11,"column":5092},"end":{"line":11,"column":5222}}],"line":11},"37":{"loc":{"start":{"line":11,"column":5253},"end":{"line":11,"column":5618}},"type":"cond-expr","locations":[{"start":{"line":11,"column":5260},"end":{"line":11,"column":5481}},{"start":{"line":11,"column":5485},"end":{"line":11,"column":5617}}],"line":11},"38":{"loc":{"start":{"line":11,"column":5260},"end":{"line":11,"column":5481}},"type":"cond-expr","locations":[{"start":{"line":11,"column":5273},"end":{"line":11,"column":5473}},{"start":{"line":11,"column":5477},"end":{"line":11,"column":5481}}],"line":11},"39":{"loc":{"start":{"line":11,"column":5349},"end":{"line":11,"column":5430}},"type":"binary-expr","locations":[{"start":{"line":11,"column":5349},"end":{"line":11,"column":5376}},{"start":{"line":11,"column":5381},"end":{"line":11,"column":5429}}],"line":11},"40":{"loc":{"start":{"line":11,"column":5685},"end":{"line":11,"column":5724}},"type":"binary-expr","locations":[{"start":{"line":11,"column":5685},"end":{"line":11,"column":5694}},{"start":{"line":11,"column":5699},"end":{"line":11,"column":5723}}],"line":11},"41":{"loc":{"start":{"line":11,"column":5726},"end":{"line":11,"column":5793}},"type":"binary-expr","locations":[{"start":{"line":11,"column":5726},"end":{"line":11,"column":5735}},{"start":{"line":11,"column":5740},"end":{"line":11,"column":5792}}],"line":11},"42":{"loc":{"start":{"line":11,"column":5871},"end":{"line":11,"column":5893}},"type":"binary-expr","locations":[{"start":{"line":11,"column":5871},"end":{"line":11,"column":5887}},{"start":{"line":11,"column":5891},"end":{"line":11,"column":5893}}],"line":11},"43":{"loc":{"start":{"line":11,"column":6126},"end":{"line":11,"column":6572}},"type":"if","locations":[{"start":{"line":11,"column":6126},"end":{"line":11,"column":6572}},{"start":{"line":11,"column":6126},"end":{"line":11,"column":6572}}],"line":11},"44":{"loc":{"start":{"line":11,"column":6189},"end":{"line":11,"column":6246}},"type":"if","locations":[{"start":{"line":11,"column":6189},"end":{"line":11,"column":6246}},{"start":{"line":11,"column":6189},"end":{"line":11,"column":6246}}],"line":11},"45":{"loc":{"start":{"line":11,"column":6247},"end":{"line":11,"column":6303}},"type":"if","locations":[{"start":{"line":11,"column":6247},"end":{"line":11,"column":6303}},{"start":{"line":11,"column":6247},"end":{"line":11,"column":6303}}],"line":11},"46":{"loc":{"start":{"line":11,"column":6304},"end":{"line":11,"column":6570}},"type":"if","locations":[{"start":{"line":11,"column":6304},"end":{"line":11,"column":6570}},{"start":{"line":11,"column":6304},"end":{"line":11,"column":6570}}],"line":11},"47":{"loc":{"start":{"line":11,"column":6403},"end":{"line":11,"column":6487}},"type":"if","locations":[{"start":{"line":11,"column":6403},"end":{"line":11,"column":6487}},{"start":{"line":11,"column":6403},"end":{"line":11,"column":6487}}],"line":11},"48":{"loc":{"start":{"line":11,"column":7102},"end":{"line":11,"column":7151}},"type":"binary-expr","locations":[{"start":{"line":11,"column":7102},"end":{"line":11,"column":7129}},{"start":{"line":11,"column":7133},"end":{"line":11,"column":7151}}],"line":11},"49":{"loc":{"start":{"line":11,"column":7160},"end":{"line":11,"column":7257}},"type":"binary-expr","locations":[{"start":{"line":11,"column":7160},"end":{"line":11,"column":7166}},{"start":{"line":11,"column":7171},"end":{"line":11,"column":7197}},{"start":{"line":11,"column":7201},"end":{"line":11,"column":7256}}],"line":11},"50":{"loc":{"start":{"line":11,"column":7226},"end":{"line":11,"column":7255}},"type":"binary-expr","locations":[{"start":{"line":11,"column":7226},"end":{"line":11,"column":7242}},{"start":{"line":11,"column":7246},"end":{"line":11,"column":7255}}],"line":11},"51":{"loc":{"start":{"line":11,"column":7304},"end":{"line":11,"column":7491}},"type":"cond-expr","locations":[{"start":{"line":11,"column":7328},"end":{"line":11,"column":7385}},{"start":{"line":11,"column":7389},"end":{"line":11,"column":7490}}],"line":11},"52":{"loc":{"start":{"line":11,"column":7852},"end":{"line":11,"column":7901}},"type":"binary-expr","locations":[{"start":{"line":11,"column":7852},"end":{"line":11,"column":7874}},{"start":{"line":11,"column":7879},"end":{"line":11,"column":7900}}],"line":11},"53":{"loc":{"start":{"line":11,"column":7996},"end":{"line":11,"column":8130}},"type":"cond-expr","locations":[{"start":{"line":11,"column":8035},"end":{"line":11,"column":8039}},{"start":{"line":11,"column":8042},"end":{"line":11,"column":8130}}],"line":11},"54":{"loc":{"start":{"line":11,"column":8086},"end":{"line":11,"column":8126}},"type":"cond-expr","locations":[{"start":{"line":11,"column":8100},"end":{"line":11,"column":8112}},{"start":{"line":11,"column":8115},"end":{"line":11,"column":8126}}],"line":11},"55":{"loc":{"start":{"line":11,"column":8529},"end":{"line":11,"column":8594}},"type":"if","locations":[{"start":{"line":11,"column":8529},"end":{"line":11,"column":8594}},{"start":{"line":11,"column":8529},"end":{"line":11,"column":8594}}],"line":11},"56":{"loc":{"start":{"line":11,"column":8740},"end":{"line":11,"column":9075}},"type":"if","locations":[{"start":{"line":11,"column":8740},"end":{"line":11,"column":9075}},{"start":{"line":11,"column":8740},"end":{"line":11,"column":9075}}],"line":11},"57":{"loc":{"start":{"line":11,"column":8971},"end":{"line":11,"column":9074}},"type":"binary-expr","locations":[{"start":{"line":11,"column":8971},"end":{"line":11,"column":8993}},{"start":{"line":11,"column":8997},"end":{"line":11,"column":9020}},{"start":{"line":11,"column":9024},"end":{"line":11,"column":9046}},{"start":{"line":11,"column":9051},"end":{"line":11,"column":9073}}],"line":11},"58":{"loc":{"start":{"line":11,"column":9167},"end":{"line":11,"column":9221}},"type":"if","locations":[{"start":{"line":11,"column":9167},"end":{"line":11,"column":9221}},{"start":{"line":11,"column":9167},"end":{"line":11,"column":9221}}],"line":11},"59":{"loc":{"start":{"line":11,"column":9302},"end":{"line":11,"column":9333}},"type":"if","locations":[{"start":{"line":11,"column":9302},"end":{"line":11,"column":9333}},{"start":{"line":11,"column":9302},"end":{"line":11,"column":9333}}],"line":11},"60":{"loc":{"start":{"line":11,"column":9459},"end":{"line":11,"column":9519}},"type":"binary-expr","locations":[{"start":{"line":11,"column":9459},"end":{"line":11,"column":9465}},{"start":{"line":11,"column":9470},"end":{"line":11,"column":9518}}],"line":11},"61":{"loc":{"start":{"line":11,"column":9648},"end":{"line":11,"column":9698}},"type":"if","locations":[{"start":{"line":11,"column":9648},"end":{"line":11,"column":9698}},{"start":{"line":11,"column":9648},"end":{"line":11,"column":9698}}],"line":11},"62":{"loc":{"start":{"line":11,"column":9699},"end":{"line":11,"column":10235}},"type":"if","locations":[{"start":{"line":11,"column":9699},"end":{"line":11,"column":10235}},{"start":{"line":11,"column":9699},"end":{"line":11,"column":10235}}],"line":11},"63":{"loc":{"start":{"line":11,"column":9826},"end":{"line":11,"column":10233}},"type":"if","locations":[{"start":{"line":11,"column":9826},"end":{"line":11,"column":10233}},{"start":{"line":11,"column":9826},"end":{"line":11,"column":10233}}],"line":11},"64":{"loc":{"start":{"line":11,"column":9830},"end":{"line":11,"column":9852}},"type":"binary-expr","locations":[{"start":{"line":11,"column":9830},"end":{"line":11,"column":9838}},{"start":{"line":11,"column":9842},"end":{"line":11,"column":9852}}],"line":11},"65":{"loc":{"start":{"line":11,"column":9856},"end":{"line":11,"column":9922}},"type":"if","locations":[{"start":{"line":11,"column":9856},"end":{"line":11,"column":9922}},{"start":{"line":11,"column":9856},"end":{"line":11,"column":9922}}],"line":11},"66":{"loc":{"start":{"line":11,"column":9923},"end":{"line":11,"column":9989}},"type":"if","locations":[{"start":{"line":11,"column":9923},"end":{"line":11,"column":9989}},{"start":{"line":11,"column":9923},"end":{"line":11,"column":9989}}],"line":11},"67":{"loc":{"start":{"line":11,"column":9997},"end":{"line":11,"column":10233}},"type":"if","locations":[{"start":{"line":11,"column":9997},"end":{"line":11,"column":10233}},{"start":{"line":11,"column":9997},"end":{"line":11,"column":10233}}],"line":11},"68":{"loc":{"start":{"line":11,"column":10013},"end":{"line":11,"column":10079}},"type":"if","locations":[{"start":{"line":11,"column":10013},"end":{"line":11,"column":10079}},{"start":{"line":11,"column":10013},"end":{"line":11,"column":10079}}],"line":11},"69":{"loc":{"start":{"line":11,"column":10089},"end":{"line":11,"column":10164}},"type":"if","locations":[{"start":{"line":11,"column":10089},"end":{"line":11,"column":10164}},{"start":{"line":11,"column":10089},"end":{"line":11,"column":10164}}],"line":11},"70":{"loc":{"start":{"line":11,"column":10165},"end":{"line":11,"column":10231}},"type":"if","locations":[{"start":{"line":11,"column":10165},"end":{"line":11,"column":10231}},{"start":{"line":11,"column":10165},"end":{"line":11,"column":10231}}],"line":11},"71":{"loc":{"start":{"line":11,"column":10366},"end":{"line":11,"column":10501}},"type":"if","locations":[{"start":{"line":11,"column":10366},"end":{"line":11,"column":10501}},{"start":{"line":11,"column":10366},"end":{"line":11,"column":10501}}],"line":11},"72":{"loc":{"start":{"line":11,"column":10370},"end":{"line":11,"column":10463}},"type":"binary-expr","locations":[{"start":{"line":11,"column":10370},"end":{"line":11,"column":10395}},{"start":{"line":11,"column":10399},"end":{"line":11,"column":10431}},{"start":{"line":11,"column":10435},"end":{"line":11,"column":10463}}],"line":11},"73":{"loc":{"start":{"line":11,"column":10504},"end":{"line":11,"column":10650}},"type":"binary-expr","locations":[{"start":{"line":11,"column":10504},"end":{"line":11,"column":10516}},{"start":{"line":11,"column":10521},"end":{"line":11,"column":10537}},{"start":{"line":11,"column":10541},"end":{"line":11,"column":10560}},{"start":{"line":11,"column":10565},"end":{"line":11,"column":10591}},{"start":{"line":11,"column":10595},"end":{"line":11,"column":10625}},{"start":{"line":11,"column":10630},"end":{"line":11,"column":10649}}],"line":11},"74":{"loc":{"start":{"line":11,"column":10665},"end":{"line":11,"column":10708}},"type":"cond-expr","locations":[{"start":{"line":11,"column":10680},"end":{"line":11,"column":10703}},{"start":{"line":11,"column":10706},"end":{"line":11,"column":10708}}],"line":11},"75":{"loc":{"start":{"line":11,"column":10755},"end":{"line":11,"column":10871}},"type":"cond-expr","locations":[{"start":{"line":11,"column":10771},"end":{"line":11,"column":10846}},{"start":{"line":11,"column":10850},"end":{"line":11,"column":10871}}],"line":11},"76":{"loc":{"start":{"line":11,"column":10924},"end":{"line":11,"column":10970}},"type":"if","locations":[{"start":{"line":11,"column":10924},"end":{"line":11,"column":10970}},{"start":{"line":11,"column":10924},"end":{"line":11,"column":10970}}],"line":11},"77":{"loc":{"start":{"line":11,"column":10978},"end":{"line":11,"column":11229}},"type":"cond-expr","locations":[{"start":{"line":11,"column":11034},"end":{"line":11,"column":11056}},{"start":{"line":11,"column":11059},"end":{"line":11,"column":11229}}],"line":11},"78":{"loc":{"start":{"line":11,"column":10978},"end":{"line":11,"column":11031}},"type":"binary-expr","locations":[{"start":{"line":11,"column":10978},"end":{"line":11,"column":11001}},{"start":{"line":11,"column":11005},"end":{"line":11,"column":11031}}],"line":11},"79":{"loc":{"start":{"line":11,"column":11059},"end":{"line":11,"column":11229}},"type":"cond-expr","locations":[{"start":{"line":11,"column":11087},"end":{"line":11,"column":11163}},{"start":{"line":11,"column":11167},"end":{"line":11,"column":11229}}],"line":11},"80":{"loc":{"start":{"line":11,"column":11167},"end":{"line":11,"column":11229}},"type":"binary-expr","locations":[{"start":{"line":11,"column":11167},"end":{"line":11,"column":11191}},{"start":{"line":11,"column":11195},"end":{"line":11,"column":11203}},{"start":{"line":11,"column":11208},"end":{"line":11,"column":11228}}],"line":11},"81":{"loc":{"start":{"line":11,"column":11378},"end":{"line":11,"column":11510}},"type":"if","locations":[{"start":{"line":11,"column":11378},"end":{"line":11,"column":11510}},{"start":{"line":11,"column":11378},"end":{"line":11,"column":11510}}],"line":11},"82":{"loc":{"start":{"line":11,"column":11639},"end":{"line":11,"column":11797}},"type":"if","locations":[{"start":{"line":11,"column":11639},"end":{"line":11,"column":11797}},{"start":{"line":11,"column":11639},"end":{"line":11,"column":11797}}],"line":11},"83":{"loc":{"start":{"line":11,"column":11701},"end":{"line":11,"column":11780}},"type":"if","locations":[{"start":{"line":11,"column":11701},"end":{"line":11,"column":11780}},{"start":{"line":11,"column":11701},"end":{"line":11,"column":11780}}],"line":11},"84":{"loc":{"start":{"line":11,"column":12013},"end":{"line":11,"column":12061}},"type":"binary-expr","locations":[{"start":{"line":11,"column":12013},"end":{"line":11,"column":12035}},{"start":{"line":11,"column":12040},"end":{"line":11,"column":12060}}],"line":11},"85":{"loc":{"start":{"line":12,"column":176},"end":{"line":12,"column":263}},"type":"if","locations":[{"start":{"line":12,"column":176},"end":{"line":12,"column":263}},{"start":{"line":12,"column":176},"end":{"line":12,"column":263}}],"line":12},"86":{"loc":{"start":{"line":32,"column":16},"end":{"line":54,"column":7}},"type":"switch","locations":[{"start":{"line":33,"column":8},"end":{"line":41,"column":86}},{"start":{"line":42,"column":8},"end":{"line":48,"column":13}},{"start":{"line":49,"column":8},"end":{"line":50,"column":51}},{"start":{"line":51,"column":8},"end":{"line":51,"column":15}},{"start":{"line":52,"column":8},"end":{"line":53,"column":33}}],"line":32},"87":{"loc":{"start":{"line":37,"column":10},"end":{"line":40,"column":11}},"type":"if","locations":[{"start":{"line":37,"column":10},"end":{"line":40,"column":11}},{"start":{"line":37,"column":10},"end":{"line":40,"column":11}}],"line":37},"88":{"loc":{"start":{"line":80,"column":9},"end":{"line":80,"column":49}},"type":"binary-expr","locations":[{"start":{"line":80,"column":9},"end":{"line":80,"column":21}},{"start":{"line":80,"column":25},"end":{"line":80,"column":49}}],"line":80}},"s":{"0":1,"1":1,"2":1,"3":1,"4":1,"5":0,"6":0,"7":0,"8":1,"9":5,"10":1,"11":1,"12":1,"13":1,"14":0,"15":1,"16":1,"17":1,"18":1,"19":13,"20":1,"21":1,"22":0,"23":0,"24":5,"25":5,"26":5,"27":5,"28":14,"29":14,"30":2,"31":1,"32":1,"33":1,"34":1,"35":0,"36":1,"37":1,"38":1,"39":1,"40":2,"41":6,"42":9,"43":0,"44":0,"45":0,"46":0,"47":0,"48":0,"49":0,"50":0,"51":0,"52":0,"53":0,"54":0,"55":0,"56":0,"57":5,"58":5,"59":9,"60":0,"61":9,"62":0,"63":0,"64":0,"65":9,"66":15,"67":15,"68":0,"69":0,"70":0,"71":0,"72":0,"73":15,"74":9,"75":6,"76":2,"77":0,"78":2,"79":4,"80":14,"81":14,"82":14,"83":12,"84":4,"85":8,"86":2,"87":0,"88":0,"89":0,"90":0,"91":0,"92":0,"93":0,"94":0,"95":0,"96":0,"97":0,"98":5,"99":5,"100":5,"101":1,"102":1,"103":1,"104":1,"105":0,"106":0,"107":0,"108":0,"109":0,"110":0,"111":0,"112":0,"113":0,"114":0,"115":0,"116":0,"117":1,"118":0,"119":0,"120":1,"121":0,"122":0,"123":0,"124":0,"125":0,"126":0,"127":0,"128":0,"129":0,"130":0,"131":0,"132":0,"133":0,"134":0,"135":0,"136":0,"137":0,"138":0,"139":5,"140":0,"141":0,"142":5,"143":5,"144":5,"145":1,"146":4,"147":2,"148":1,"149":1,"150":1,"151":1,"152":1,"153":1,"154":1,"155":1,"156":1,"157":0,"158":0,"159":0,"160":0,"161":0,"162":0,"163":0,"164":0,"165":0,"166":0,"167":0,"168":0,"169":0,"170":0,"171":0,"172":8,"173":8,"174":8,"175":8,"176":0,"177":0,"178":8,"179":8,"180":8,"181":8,"182":0,"183":8,"184":0,"185":0,"186":0,"187":0,"188":0,"189":0,"190":0,"191":0,"192":0,"193":0,"194":0,"195":0,"196":0,"197":0,"198":0,"199":0,"200":9,"201":9,"202":8,"203":1,"204":1,"205":8,"206":4,"207":4,"208":1,"209":5,"210":5,"211":5,"212":5,"213":9,"214":0,"215":5,"216":5,"217":1,"218":5,"219":14,"220":18,"221":5,"222":5,"223":5,"224":5,"225":4,"226":4,"227":1,"228":4,"229":4,"230":4,"231":4,"232":5,"233":1,"234":2,"235":2,"236":2,"237":1,"238":1,"239":1},"f":{"0":1,"1":0,"2":0,"3":0,"4":1,"5":5,"6":0,"7":13,"8":0,"9":5,"10":14,"11":0,"12":0,"13":0,"14":0,"15":2,"16":6,"17":9,"18":0,"19":0,"20":0,"21":0,"22":0,"23":0,"24":0,"25":0,"26":0,"27":5,"28":9,"29":0,"30":0,"31":5,"32":5,"33":1,"34":0,"35":0,"36":0,"37":1,"38":0,"39":0,"40":0,"41":0,"42":0,"43":0,"44":0,"45":0,"46":5,"47":5,"48":2,"49":1,"50":8,"51":8,"52":0,"53":0,"54":0,"55":9,"56":1,"57":5,"58":5,"59":9,"60":0,"61":5,"62":1,"63":5,"64":14,"65":2,"66":2},"b":{"0":[1,0],"1":[1,1],"2":[0,0],"3":[0,0],"4":[0,0],"5":[0,0,0,0],"6":[1,0],"7":[1,0],"8":[1,0],"9":[1,0],"10":[1,0],"11":[5,0],"12":[5,5],"13":[5,5],"14":[1,1],"15":[1,1,1,1],"16":[0,0],"17":[0,0],"18":[0,0,0],"19":[0,0],"20":[0,9],"21":[0,9],"22":[0,0],"23":[0,15],"24":[0,0],"25":[0,0],"26":[9,6],"27":[2,4],"28":[0,2],"29":[4,4],"30":[12,2],"31":[4,8],"32":[4,8],"33":[2,2],"34":[0,0],"35":[0,0,0,0,0],"36":[0,0],"37":[0,0],"38":[0,0],"39":[0,0],"40":[0,0],"41":[0,0],"42":[5,5],"43":[1,0],"44":[1,0],"45":[0,0],"46":[0,0],"47":[0,0],"48":[0,0],"49":[0,0,0],"50":[0,0],"51":[1,0],"52":[0,0],"53":[0,0],"54":[0,0],"55":[0,0],"56":[0,5],"57":[0,0,0,0],"58":[1,4],"59":[1,1],"60":[1,0],"61":[1,0],"62":[0,0],"63":[0,0],"64":[0,0],"65":[0,0],"66":[0,0],"67":[0,0],"68":[0,0],"69":[0,0],"70":[0,0],"71":[0,8],"72":[8,0,0],"73":[8,0,0,0,0,0],"74":[0,8],"75":[0,8],"76":[0,8],"77":[0,8],"78":[8,8],"79":[8,0],"80":[0,0,0],"81":[0,0],"82":[0,0],"83":[0,0],"84":[0,0],"85":[4,4],"86":[5,4,4,0,5],"87":[4,1],"88":[2,1]},"inputSourceMap":{"version":3,"names":["_errorHelper","require","_checkTextLogModel","_interopRequireDefault","obj","__esModule","_typeof","Symbol","iterator","constructor","prototype","_regeneratorRuntime","exports","Op","Object","hasOwn","hasOwnProperty","defineProperty","key","desc","value","$Symbol","iteratorSymbol","asyncIteratorSymbol","asyncIterator","toStringTagSymbol","toStringTag","define","enumerable","configurable","writable","err","wrap","innerFn","outerFn","self","tryLocsList","protoGenerator","Generator","generator","create","context","Context","makeInvokeMethod","tryCatch","fn","arg","type","call","ContinueSentinel","GeneratorFunction","GeneratorFunctionPrototype","IteratorPrototype","getProto","getPrototypeOf","NativeIteratorPrototype","values","Gp","defineIteratorMethods","forEach","method","_invoke","AsyncIterator","PromiseImpl","invoke","resolve","reject","record","result","__await","then","unwrapped","error","previousPromise","callInvokeWithMethodAndArg","state","Error","doneResult","delegate","delegateResult","maybeInvokeDelegate","sent","_sent","dispatchException","abrupt","done","methodName","undefined","TypeError","info","resultName","next","nextLoc","pushTryEntry","locs","entry","tryLoc","catchLoc","finallyLoc","afterLoc","tryEntries","push","resetTryEntry","completion","reset","iterable","iteratorMethod","isNaN","length","i","displayName","isGeneratorFunction","genFun","ctor","name","mark","setPrototypeOf","__proto__","awrap","async","Promise","iter","keys","val","object","reverse","pop","skipTempReset","prev","charAt","slice","stop","rootRecord","rval","exception","handle","loc","caught","hasCatch","hasFinally","finallyEntry","complete","finish","_catch","thrown","delegateYield","asyncGeneratorStep","gen","_next","_throw","_asyncToGenerator","args","arguments","apply","checkText","_x","_checkText","_callee","_ref","text","upperType","typeFuncion","_callee$","_context","toUpperCase","selector","BusinessError","CheckTextModel","saveLog","checkURL","pattern","RegExp","test","checkNumber","parseFloat","URL","NUMBER","_default"],"sourceRoot":"F:\\JS\\Escritorio\\Clases\\Pruebas De soft\\unit-mocha\\src\\business-logic\\","sources":["checkText.logic.js"],"sourcesContent":["import { BusinessError } from \"../helpers/error.helper.js\";\r\nimport CheckTextModel from \"../models/checkTextLog.model.js\";\r\n\r\n/**\r\n * Check the text depending on the type\r\n * @param {string} args.text - Input text to check\r\n * @param {string} args.type - Type of text to validate\r\n * @returns {boolean}\r\n */\r\nasync function checkText({ text, type }) {\r\n\tconst upperType = type.toUpperCase();\r\n\r\n\tconst typeFuncion = selector[upperType];\r\n\r\n\tif (!typeFuncion) {\r\n\t\tthrow new BusinessError(\"type error\", \"type is not available\");\r\n\t}\r\n\r\n\tconst result = selector[upperType](text);\r\n\r\n\tawait CheckTextModel.saveLog({ text, type });\r\n\r\n\treturn result;\r\n}\r\n\r\n/**\r\n * Check if the input text is a valid URL string\r\n * @param {string} text - Input text to check\r\n * @returns {boolean}\r\n */\r\nfunction checkURL(text) {\r\n\tconst pattern = new RegExp(\r\n\t\t\"^(https?:\\\\/\\\\/)?\" + // protocol\r\n\t\t\t\"((([a-z\\\\d]([a-z\\\\d-]*[a-z\\\\d])*)\\\\.)+[a-z]{2,}|\" + // domain name\r\n\t\t\t\"((\\\\d{1,3}\\\\.){3}\\\\d{1,3}))\" + // OR ip (v4) address\r\n\t\t\t\"(\\\\:\\\\d+)?(\\\\/[-a-z\\\\d%_.~+]*)*\" + // port and path\r\n\t\t\t\"(\\\\?[;&a-z\\\\d%_.~+=-]*)?\" + // query string\r\n\t\t\t\"(\\\\#[-a-z\\\\d_]*)?$\",\r\n\t\t\"i\"\r\n\t); // fragment locator\r\n\treturn !!pattern.test(text);\r\n}\r\n\r\n/**\r\n * Check if the input text is a valid Number\r\n * @param {string} text - Input text to check\r\n * @returns {boolean}\r\n */\r\nfunction checkNumber(text) {\r\n\treturn !isNaN(text) && !isNaN(parseFloat(text));\r\n}\r\n\r\n// function checkEmail(text) {\r\n// \treturn String(text)\r\n// \t\t.toLowerCase()\r\n// \t\t.match(\r\n// \t\t\t/^(([^<>()[\\]\\\\.,;:\\s@\"]+(\\.[^<>()[\\]\\\\.,;:\\s@\"]+)*)|.(\".+\"))@((\\[[0-9]{1,3}\\.[0-9]{1,3}\\.[0-9]{1,3}\\.[0-9]{1,3}\\])|(([a-zA-Z\\-0-9]+\\.)+[a-zA-Z]{2,}))$/\r\n// \t\t);\r\n// }\r\n\r\n/**\r\n * Function selector (like switch but more pretty ✨)\r\n */\r\nconst selector = {\r\n\tURL: checkURL,\r\n\tNUMBER: checkNumber,\r\n};\r\n\r\nexport default checkText;\r\n"],"mappings":";;;;;;AAAA,IAAAA,YAAA,GAAAC,OAAA;AACA,IAAAC,kBAAA,GAAAC,sBAAA,CAAAF,OAAA;AAA6D,SAAAE,uBAAAC,GAAA,WAAAA,GAAA,IAAAA,GAAA,CAAAC,UAAA,GAAAD,GAAA,gBAAAA,GAAA;AAAA,SAAAE,QAAAF,GAAA,sCAAAE,OAAA,wBAAAC,MAAA,uBAAAA,MAAA,CAAAC,QAAA,aAAAJ,GAAA,kBAAAA,GAAA,gBAAAA,GAAA,WAAAA,GAAA,yBAAAG,MAAA,IAAAH,GAAA,CAAAK,WAAA,KAAAF,MAAA,IAAAH,GAAA,KAAAG,MAAA,CAAAG,SAAA,qBAAAN,GAAA,KAAAE,OAAA,CAAAF,GAAA;AAAA,SAAAO,oBAAA,kBAA7D,qJAAAA,mBAAA,YAAAA,oBAAA,WAAAC,OAAA,SAAAA,OAAA,OAAAC,EAAA,GAAAC,MAAA,CAAAJ,SAAA,EAAAK,MAAA,GAAAF,EAAA,CAAAG,cAAA,EAAAC,cAAA,GAAAH,MAAA,CAAAG,cAAA,cAAAb,GAAA,EAAAc,GAAA,EAAAC,IAAA,IAAAf,GAAA,CAAAc,GAAA,IAAAC,IAAA,CAAAC,KAAA,KAAAC,OAAA,wBAAAd,MAAA,GAAAA,MAAA,OAAAe,cAAA,GAAAD,OAAA,CAAAb,QAAA,kBAAAe,mBAAA,GAAAF,OAAA,CAAAG,aAAA,uBAAAC,iBAAA,GAAAJ,OAAA,CAAAK,WAAA,8BAAAC,OAAAvB,GAAA,EAAAc,GAAA,EAAAE,KAAA,WAAAN,MAAA,CAAAG,cAAA,CAAAb,GAAA,EAAAc,GAAA,IAAAE,KAAA,EAAAA,KAAA,EAAAQ,UAAA,MAAAC,YAAA,MAAAC,QAAA,SAAA1B,GAAA,CAAAc,GAAA,WAAAS,MAAA,mBAAAI,GAAA,IAAAJ,MAAA,YAAAA,OAAAvB,GAAA,EAAAc,GAAA,EAAAE,KAAA,WAAAhB,GAAA,CAAAc,GAAA,IAAAE,KAAA,gBAAAY,KAAAC,OAAA,EAAAC,OAAA,EAAAC,IAAA,EAAAC,WAAA,QAAAC,cAAA,GAAAH,OAAA,IAAAA,OAAA,CAAAxB,SAAA,YAAA4B,SAAA,GAAAJ,OAAA,GAAAI,SAAA,EAAAC,SAAA,GAAAzB,MAAA,CAAA0B,MAAA,CAAAH,cAAA,CAAA3B,SAAA,GAAA+B,OAAA,OAAAC,OAAA,CAAAN,WAAA,gBAAAnB,cAAA,CAAAsB,SAAA,eAAAnB,KAAA,EAAAuB,gBAAA,CAAAV,OAAA,EAAAE,IAAA,EAAAM,OAAA,MAAAF,SAAA,aAAAK,SAAAC,EAAA,EAAAzC,GAAA,EAAA0C,GAAA,mBAAAC,IAAA,YAAAD,GAAA,EAAAD,EAAA,CAAAG,IAAA,CAAA5C,GAAA,EAAA0C,GAAA,cAAAf,GAAA,aAAAgB,IAAA,WAAAD,GAAA,EAAAf,GAAA,QAAAnB,OAAA,CAAAoB,IAAA,GAAAA,IAAA,MAAAiB,gBAAA,gBAAAX,UAAA,cAAAY,kBAAA,cAAAC,2BAAA,SAAAC,iBAAA,OAAAzB,MAAA,CAAAyB,iBAAA,EAAA9B,cAAA,qCAAA+B,QAAA,GAAAvC,MAAA,CAAAwC,cAAA,EAAAC,uBAAA,GAAAF,QAAA,IAAAA,QAAA,CAAAA,QAAA,CAAAG,MAAA,QAAAD,uBAAA,IAAAA,uBAAA,KAAA1C,EAAA,IAAAE,MAAA,CAAAiC,IAAA,CAAAO,uBAAA,EAAAjC,cAAA,MAAA8B,iBAAA,GAAAG,uBAAA,OAAAE,EAAA,GAAAN,0BAAA,CAAAzC,SAAA,GAAA4B,SAAA,CAAA5B,SAAA,GAAAI,MAAA,CAAA0B,MAAA,CAAAY,iBAAA,YAAAM,sBAAAhD,SAAA,gCAAAiD,OAAA,WAAAC,MAAA,IAAAjC,MAAA,CAAAjB,SAAA,EAAAkD,MAAA,YAAAd,GAAA,gBAAAe,OAAA,CAAAD,MAAA,EAAAd,GAAA,sBAAAgB,cAAAvB,SAAA,EAAAwB,WAAA,aAAAC,OAAAJ,MAAA,EAAAd,GAAA,EAAAmB,OAAA,EAAAC,MAAA,QAAAC,MAAA,GAAAvB,QAAA,CAAAL,SAAA,CAAAqB,MAAA,GAAArB,SAAA,EAAAO,GAAA,mBAAAqB,MAAA,CAAApB,IAAA,QAAAqB,MAAA,GAAAD,MAAA,CAAArB,GAAA,EAAA1B,KAAA,GAAAgD,MAAA,CAAAhD,KAAA,SAAAA,KAAA,gBAAAd,OAAA,CAAAc,KAAA,KAAAL,MAAA,CAAAiC,IAAA,CAAA5B,KAAA,eAAA2C,WAAA,CAAAE,OAAA,CAAA7C,KAAA,CAAAiD,OAAA,EAAAC,IAAA,WAAAlD,KAAA,IAAA4C,MAAA,SAAA5C,KAAA,EAAA6C,OAAA,EAAAC,MAAA,gBAAAnC,GAAA,IAAAiC,MAAA,UAAAjC,GAAA,EAAAkC,OAAA,EAAAC,MAAA,QAAAH,WAAA,CAAAE,OAAA,CAAA7C,KAAA,EAAAkD,IAAA,WAAAC,SAAA,IAAAH,MAAA,CAAAhD,KAAA,GAAAmD,SAAA,EAAAN,OAAA,CAAAG,MAAA,gBAAAI,KAAA,WAAAR,MAAA,UAAAQ,KAAA,EAAAP,OAAA,EAAAC,MAAA,SAAAA,MAAA,CAAAC,MAAA,CAAArB,GAAA,SAAA2B,eAAA,EAAAxD,cAAA,oBAAAG,KAAA,WAAAA,MAAAwC,MAAA,EAAAd,GAAA,aAAA4B,2BAAA,eAAAX,WAAA,WAAAE,OAAA,EAAAC,MAAA,IAAAF,MAAA,CAAAJ,MAAA,EAAAd,GAAA,EAAAmB,OAAA,EAAAC,MAAA,gBAAAO,eAAA,GAAAA,eAAA,GAAAA,eAAA,CAAAH,IAAA,CAAAI,0BAAA,EAAAA,0BAAA,IAAAA,0BAAA,qBAAA/B,iBAAAV,OAAA,EAAAE,IAAA,EAAAM,OAAA,QAAAkC,KAAA,sCAAAf,MAAA,EAAAd,GAAA,wBAAA6B,KAAA,YAAAC,KAAA,sDAAAD,KAAA,oBAAAf,MAAA,QAAAd,GAAA,SAAA+B,UAAA,WAAApC,OAAA,CAAAmB,MAAA,GAAAA,MAAA,EAAAnB,OAAA,CAAAK,GAAA,GAAAA,GAAA,UAAAgC,QAAA,GAAArC,OAAA,CAAAqC,QAAA,MAAAA,QAAA,QAAAC,cAAA,GAAAC,mBAAA,CAAAF,QAAA,EAAArC,OAAA,OAAAsC,cAAA,QAAAA,cAAA,KAAA9B,gBAAA,mBAAA8B,cAAA,qBAAAtC,OAAA,CAAAmB,MAAA,EAAAnB,OAAA,CAAAwC,IAAA,GAAAxC,OAAA,CAAAyC,KAAA,GAAAzC,OAAA,CAAAK,GAAA,sBAAAL,OAAA,CAAAmB,MAAA,6BAAAe,KAAA,QAAAA,KAAA,gBAAAlC,OAAA,CAAAK,GAAA,EAAAL,OAAA,CAAA0C,iBAAA,CAAA1C,OAAA,CAAAK,GAAA,uBAAAL,OAAA,CAAAmB,MAAA,IAAAnB,OAAA,CAAA2C,MAAA,WAAA3C,OAAA,CAAAK,GAAA,GAAA6B,KAAA,oBAAAR,MAAA,GAAAvB,QAAA,CAAAX,OAAA,EAAAE,IAAA,EAAAM,OAAA,oBAAA0B,MAAA,CAAApB,IAAA,QAAA4B,KAAA,GAAAlC,OAAA,CAAA4C,IAAA,mCAAAlB,MAAA,CAAArB,GAAA,KAAAG,gBAAA,qBAAA7B,KAAA,EAAA+C,MAAA,CAAArB,GAAA,EAAAuC,IAAA,EAAA5C,OAAA,CAAA4C,IAAA,kBAAAlB,MAAA,CAAApB,IAAA,KAAA4B,KAAA,gBAAAlC,OAAA,CAAAmB,MAAA,YAAAnB,OAAA,CAAAK,GAAA,GAAAqB,MAAA,CAAArB,GAAA,mBAAAkC,oBAAAF,QAAA,EAAArC,OAAA,QAAA6C,UAAA,GAAA7C,OAAA,CAAAmB,MAAA,EAAAA,MAAA,GAAAkB,QAAA,CAAAtE,QAAA,CAAA8E,UAAA,OAAAC,SAAA,KAAA3B,MAAA,SAAAnB,OAAA,CAAAqC,QAAA,qBAAAQ,UAAA,IAAAR,QAAA,CAAAtE,QAAA,eAAAiC,OAAA,CAAAmB,MAAA,aAAAnB,OAAA,CAAAK,GAAA,GAAAyC,SAAA,EAAAP,mBAAA,CAAAF,QAAA,EAAArC,OAAA,eAAAA,OAAA,CAAAmB,MAAA,kBAAA0B,UAAA,KAAA7C,OAAA,CAAAmB,MAAA,YAAAnB,OAAA,CAAAK,GAAA,OAAA0C,SAAA,uCAAAF,UAAA,iBAAArC,gBAAA,MAAAkB,MAAA,GAAAvB,QAAA,CAAAgB,MAAA,EAAAkB,QAAA,CAAAtE,QAAA,EAAAiC,OAAA,CAAAK,GAAA,mBAAAqB,MAAA,CAAApB,IAAA,SAAAN,OAAA,CAAAmB,MAAA,YAAAnB,OAAA,CAAAK,GAAA,GAAAqB,MAAA,CAAArB,GAAA,EAAAL,OAAA,CAAAqC,QAAA,SAAA7B,gBAAA,MAAAwC,IAAA,GAAAtB,MAAA,CAAArB,GAAA,SAAA2C,IAAA,GAAAA,IAAA,CAAAJ,IAAA,IAAA5C,OAAA,CAAAqC,QAAA,CAAAY,UAAA,IAAAD,IAAA,CAAArE,KAAA,EAAAqB,OAAA,CAAAkD,IAAA,GAAAb,QAAA,CAAAc,OAAA,eAAAnD,OAAA,CAAAmB,MAAA,KAAAnB,OAAA,CAAAmB,MAAA,WAAAnB,OAAA,CAAAK,GAAA,GAAAyC,SAAA,GAAA9C,OAAA,CAAAqC,QAAA,SAAA7B,gBAAA,IAAAwC,IAAA,IAAAhD,OAAA,CAAAmB,MAAA,YAAAnB,OAAA,CAAAK,GAAA,OAAA0C,SAAA,sCAAA/C,OAAA,CAAAqC,QAAA,SAAA7B,gBAAA,cAAA4C,aAAAC,IAAA,QAAAC,KAAA,KAAAC,MAAA,EAAAF,IAAA,YAAAA,IAAA,KAAAC,KAAA,CAAAE,QAAA,GAAAH,IAAA,WAAAA,IAAA,KAAAC,KAAA,CAAAG,UAAA,GAAAJ,IAAA,KAAAC,KAAA,CAAAI,QAAA,GAAAL,IAAA,WAAAM,UAAA,CAAAC,IAAA,CAAAN,KAAA,cAAAO,cAAAP,KAAA,QAAA5B,MAAA,GAAA4B,KAAA,CAAAQ,UAAA,QAAApC,MAAA,CAAApB,IAAA,oBAAAoB,MAAA,CAAArB,GAAA,EAAAiD,KAAA,CAAAQ,UAAA,GAAApC,MAAA,aAAAzB,QAAAN,WAAA,SAAAgE,UAAA,MAAAJ,MAAA,aAAA5D,WAAA,CAAAuB,OAAA,CAAAkC,YAAA,cAAAW,KAAA,iBAAAhD,OAAAiD,QAAA,QAAAA,QAAA,QAAAC,cAAA,GAAAD,QAAA,CAAAnF,cAAA,OAAAoF,cAAA,SAAAA,cAAA,CAAA1D,IAAA,CAAAyD,QAAA,4BAAAA,QAAA,CAAAd,IAAA,SAAAc,QAAA,OAAAE,KAAA,CAAAF,QAAA,CAAAG,MAAA,SAAAC,CAAA,OAAAlB,IAAA,YAAAA,KAAA,aAAAkB,CAAA,GAAAJ,QAAA,CAAAG,MAAA,OAAA7F,MAAA,CAAAiC,IAAA,CAAAyD,QAAA,EAAAI,CAAA,UAAAlB,IAAA,CAAAvE,KAAA,GAAAqF,QAAA,CAAAI,CAAA,GAAAlB,IAAA,CAAAN,IAAA,OAAAM,IAAA,SAAAA,IAAA,CAAAvE,KAAA,GAAAmE,SAAA,EAAAI,IAAA,CAAAN,IAAA,OAAAM,IAAA,YAAAA,IAAA,CAAAA,IAAA,GAAAA,IAAA,eAAAA,IAAA,EAAAd,UAAA,eAAAA,WAAA,aAAAzD,KAAA,EAAAmE,SAAA,EAAAF,IAAA,iBAAAnC,iBAAA,CAAAxC,SAAA,GAAAyC,0BAAA,EAAAlC,cAAA,CAAAwC,EAAA,mBAAArC,KAAA,EAAA+B,0BAAA,EAAAtB,YAAA,SAAAZ,cAAA,CAAAkC,0BAAA,mBAAA/B,KAAA,EAAA8B,iBAAA,EAAArB,YAAA,SAAAqB,iBAAA,CAAA4D,WAAA,GAAAnF,MAAA,CAAAwB,0BAAA,EAAA1B,iBAAA,wBAAAb,OAAA,CAAAmG,mBAAA,aAAAC,MAAA,QAAAC,IAAA,wBAAAD,MAAA,IAAAA,MAAA,CAAAvG,WAAA,WAAAwG,IAAA,KAAAA,IAAA,KAAA/D,iBAAA,6BAAA+D,IAAA,CAAAH,WAAA,IAAAG,IAAA,CAAAC,IAAA,OAAAtG,OAAA,CAAAuG,IAAA,aAAAH,MAAA,WAAAlG,MAAA,CAAAsG,cAAA,GAAAtG,MAAA,CAAAsG,cAAA,CAAAJ,MAAA,EAAA7D,0BAAA,KAAA6D,MAAA,CAAAK,SAAA,GAAAlE,0BAAA,EAAAxB,MAAA,CAAAqF,MAAA,EAAAvF,iBAAA,yBAAAuF,MAAA,CAAAtG,SAAA,GAAAI,MAAA,CAAA0B,MAAA,CAAAiB,EAAA,GAAAuD,MAAA,KAAApG,OAAA,CAAA0G,KAAA,aAAAxE,GAAA,aAAAuB,OAAA,EAAAvB,GAAA,OAAAY,qBAAA,CAAAI,aAAA,CAAApD,SAAA,GAAAiB,MAAA,CAAAmC,aAAA,CAAApD,SAAA,EAAAa,mBAAA,iCAAAX,OAAA,CAAAkD,aAAA,GAAAA,aAAA,EAAAlD,OAAA,CAAA2G,KAAA,aAAAtF,OAAA,EAAAC,OAAA,EAAAC,IAAA,EAAAC,WAAA,EAAA2B,WAAA,eAAAA,WAAA,KAAAA,WAAA,GAAAyD,OAAA,OAAAC,IAAA,OAAA3D,aAAA,CAAA9B,IAAA,CAAAC,OAAA,EAAAC,OAAA,EAAAC,IAAA,EAAAC,WAAA,GAAA2B,WAAA,UAAAnD,OAAA,CAAAmG,mBAAA,CAAA7E,OAAA,IAAAuF,IAAA,GAAAA,IAAA,CAAA9B,IAAA,GAAArB,IAAA,WAAAF,MAAA,WAAAA,MAAA,CAAAiB,IAAA,GAAAjB,MAAA,CAAAhD,KAAA,GAAAqG,IAAA,CAAA9B,IAAA,WAAAjC,qBAAA,CAAAD,EAAA,GAAA9B,MAAA,CAAA8B,EAAA,EAAAhC,iBAAA,gBAAAE,MAAA,CAAA8B,EAAA,EAAAnC,cAAA,iCAAAK,MAAA,CAAA8B,EAAA,6DAAA7C,OAAA,CAAA8G,IAAA,aAAAC,GAAA,QAAAC,MAAA,GAAA9G,MAAA,CAAA6G,GAAA,GAAAD,IAAA,gBAAAxG,GAAA,IAAA0G,MAAA,EAAAF,IAAA,CAAArB,IAAA,CAAAnF,GAAA,UAAAwG,IAAA,CAAAG,OAAA,aAAAlC,KAAA,WAAA+B,IAAA,CAAAd,MAAA,SAAA1F,GAAA,GAAAwG,IAAA,CAAAI,GAAA,QAAA5G,GAAA,IAAA0G,MAAA,SAAAjC,IAAA,CAAAvE,KAAA,GAAAF,GAAA,EAAAyE,IAAA,CAAAN,IAAA,OAAAM,IAAA,WAAAA,IAAA,CAAAN,IAAA,OAAAM,IAAA,QAAA/E,OAAA,CAAA4C,MAAA,GAAAA,MAAA,EAAAd,OAAA,CAAAhC,SAAA,KAAAD,WAAA,EAAAiC,OAAA,EAAA8D,KAAA,WAAAA,MAAAuB,aAAA,aAAAC,IAAA,WAAArC,IAAA,WAAAV,IAAA,QAAAC,KAAA,GAAAK,SAAA,OAAAF,IAAA,YAAAP,QAAA,cAAAlB,MAAA,gBAAAd,GAAA,GAAAyC,SAAA,OAAAa,UAAA,CAAAzC,OAAA,CAAA2C,aAAA,IAAAyB,aAAA,WAAAb,IAAA,kBAAAA,IAAA,CAAAe,MAAA,OAAAlH,MAAA,CAAAiC,IAAA,OAAAkE,IAAA,MAAAP,KAAA,EAAAO,IAAA,CAAAgB,KAAA,cAAAhB,IAAA,IAAA3B,SAAA,MAAA4C,IAAA,WAAAA,KAAA,SAAA9C,IAAA,WAAA+C,UAAA,QAAAhC,UAAA,IAAAG,UAAA,kBAAA6B,UAAA,CAAArF,IAAA,QAAAqF,UAAA,CAAAtF,GAAA,cAAAuF,IAAA,KAAAlD,iBAAA,WAAAA,kBAAAmD,SAAA,aAAAjD,IAAA,QAAAiD,SAAA,MAAA7F,OAAA,kBAAA8F,OAAAC,GAAA,EAAAC,MAAA,WAAAtE,MAAA,CAAApB,IAAA,YAAAoB,MAAA,CAAArB,GAAA,GAAAwF,SAAA,EAAA7F,OAAA,CAAAkD,IAAA,GAAA6C,GAAA,EAAAC,MAAA,KAAAhG,OAAA,CAAAmB,MAAA,WAAAnB,OAAA,CAAAK,GAAA,GAAAyC,SAAA,KAAAkD,MAAA,aAAA5B,CAAA,QAAAT,UAAA,CAAAQ,MAAA,MAAAC,CAAA,SAAAA,CAAA,QAAAd,KAAA,QAAAK,UAAA,CAAAS,CAAA,GAAA1C,MAAA,GAAA4B,KAAA,CAAAQ,UAAA,iBAAAR,KAAA,CAAAC,MAAA,SAAAuC,MAAA,aAAAxC,KAAA,CAAAC,MAAA,SAAAgC,IAAA,QAAAU,QAAA,GAAA3H,MAAA,CAAAiC,IAAA,CAAA+C,KAAA,eAAA4C,UAAA,GAAA5H,MAAA,CAAAiC,IAAA,CAAA+C,KAAA,qBAAA2C,QAAA,IAAAC,UAAA,aAAAX,IAAA,GAAAjC,KAAA,CAAAE,QAAA,SAAAsC,MAAA,CAAAxC,KAAA,CAAAE,QAAA,gBAAA+B,IAAA,GAAAjC,KAAA,CAAAG,UAAA,SAAAqC,MAAA,CAAAxC,KAAA,CAAAG,UAAA,cAAAwC,QAAA,aAAAV,IAAA,GAAAjC,KAAA,CAAAE,QAAA,SAAAsC,MAAA,CAAAxC,KAAA,CAAAE,QAAA,qBAAA0C,UAAA,YAAA/D,KAAA,qDAAAoD,IAAA,GAAAjC,KAAA,CAAAG,UAAA,SAAAqC,MAAA,CAAAxC,KAAA,CAAAG,UAAA,YAAAd,MAAA,WAAAA,OAAArC,IAAA,EAAAD,GAAA,aAAA+D,CAAA,QAAAT,UAAA,CAAAQ,MAAA,MAAAC,CAAA,SAAAA,CAAA,QAAAd,KAAA,QAAAK,UAAA,CAAAS,CAAA,OAAAd,KAAA,CAAAC,MAAA,SAAAgC,IAAA,IAAAjH,MAAA,CAAAiC,IAAA,CAAA+C,KAAA,wBAAAiC,IAAA,GAAAjC,KAAA,CAAAG,UAAA,QAAA0C,YAAA,GAAA7C,KAAA,aAAA6C,YAAA,iBAAA7F,IAAA,mBAAAA,IAAA,KAAA6F,YAAA,CAAA5C,MAAA,IAAAlD,GAAA,IAAAA,GAAA,IAAA8F,YAAA,CAAA1C,UAAA,KAAA0C,YAAA,cAAAzE,MAAA,GAAAyE,YAAA,GAAAA,YAAA,CAAArC,UAAA,cAAApC,MAAA,CAAApB,IAAA,GAAAA,IAAA,EAAAoB,MAAA,CAAArB,GAAA,GAAAA,GAAA,EAAA8F,YAAA,SAAAhF,MAAA,gBAAA+B,IAAA,GAAAiD,YAAA,CAAA1C,UAAA,EAAAjD,gBAAA,SAAA4F,QAAA,CAAA1E,MAAA,MAAA0E,QAAA,WAAAA,SAAA1E,MAAA,EAAAgC,QAAA,oBAAAhC,MAAA,CAAApB,IAAA,QAAAoB,MAAA,CAAArB,GAAA,qBAAAqB,MAAA,CAAApB,IAAA,mBAAAoB,MAAA,CAAApB,IAAA,QAAA4C,IAAA,GAAAxB,MAAA,CAAArB,GAAA,gBAAAqB,MAAA,CAAApB,IAAA,SAAAsF,IAAA,QAAAvF,GAAA,GAAAqB,MAAA,CAAArB,GAAA,OAAAc,MAAA,kBAAA+B,IAAA,yBAAAxB,MAAA,CAAApB,IAAA,IAAAoD,QAAA,UAAAR,IAAA,GAAAQ,QAAA,GAAAlD,gBAAA,KAAA6F,MAAA,WAAAA,OAAA5C,UAAA,aAAAW,CAAA,QAAAT,UAAA,CAAAQ,MAAA,MAAAC,CAAA,SAAAA,CAAA,QAAAd,KAAA,QAAAK,UAAA,CAAAS,CAAA,OAAAd,KAAA,CAAAG,UAAA,KAAAA,UAAA,cAAA2C,QAAA,CAAA9C,KAAA,CAAAQ,UAAA,EAAAR,KAAA,CAAAI,QAAA,GAAAG,aAAA,CAAAP,KAAA,GAAA9C,gBAAA,yBAAA8F,OAAA/C,MAAA,aAAAa,CAAA,QAAAT,UAAA,CAAAQ,MAAA,MAAAC,CAAA,SAAAA,CAAA,QAAAd,KAAA,QAAAK,UAAA,CAAAS,CAAA,OAAAd,KAAA,CAAAC,MAAA,KAAAA,MAAA,QAAA7B,MAAA,GAAA4B,KAAA,CAAAQ,UAAA,kBAAApC,MAAA,CAAApB,IAAA,QAAAiG,MAAA,GAAA7E,MAAA,CAAArB,GAAA,EAAAwD,aAAA,CAAAP,KAAA,YAAAiD,MAAA,gBAAApE,KAAA,8BAAAqE,aAAA,WAAAA,cAAAxC,QAAA,EAAAf,UAAA,EAAAE,OAAA,gBAAAd,QAAA,KAAAtE,QAAA,EAAAgD,MAAA,CAAAiD,QAAA,GAAAf,UAAA,EAAAA,UAAA,EAAAE,OAAA,EAAAA,OAAA,oBAAAhC,MAAA,UAAAd,GAAA,GAAAyC,SAAA,GAAAtC,gBAAA,OAAArC,OAAA;AAAA,SAAAsI,mBAAAC,GAAA,EAAAlF,OAAA,EAAAC,MAAA,EAAAkF,KAAA,EAAAC,MAAA,EAAAnI,GAAA,EAAA4B,GAAA,cAAA2C,IAAA,GAAA0D,GAAA,CAAAjI,GAAA,EAAA4B,GAAA,OAAA1B,KAAA,GAAAqE,IAAA,CAAArE,KAAA,WAAAoD,KAAA,IAAAN,MAAA,CAAAM,KAAA,iBAAAiB,IAAA,CAAAJ,IAAA,IAAApB,OAAA,CAAA7C,KAAA,YAAAoG,OAAA,CAAAvD,OAAA,CAAA7C,KAAA,EAAAkD,IAAA,CAAA8E,KAAA,EAAAC,MAAA;AAAA,SAAAC,kBAAAzG,EAAA,6BAAAV,IAAA,SAAAoH,IAAA,GAAAC,SAAA,aAAAhC,OAAA,WAAAvD,OAAA,EAAAC,MAAA,QAAAiF,GAAA,GAAAtG,EAAA,CAAA4G,KAAA,CAAAtH,IAAA,EAAAoH,IAAA,YAAAH,MAAAhI,KAAA,IAAA8H,kBAAA,CAAAC,GAAA,EAAAlF,OAAA,EAAAC,MAAA,EAAAkF,KAAA,EAAAC,MAAA,UAAAjI,KAAA,cAAAiI,OAAAtH,GAAA,IAAAmH,kBAAA,CAAAC,GAAA,EAAAlF,OAAA,EAAAC,MAAA,EAAAkF,KAAA,EAAAC,MAAA,WAAAtH,GAAA,KAAAqH,KAAA,CAAA7D,SAAA;AAEA;AACA;AACA;AACA;AACA;AACA;AALA,SAMemE,SAASA,CAAAC,EAAA;EAAA,OAAAC,UAAA,CAAAH,KAAA,OAAAD,SAAA;AAAA;AAgBxB;AACA;AACA;AACA;AACA;AAJA,SAAAI,WAAA;EAAAA,UAAA,GAAAN,iBAAA,eAAA3I,mBAAA,GAAAwG,IAAA,CAhBA,SAAA0C,QAAAC,IAAA;IAAA,IAAAC,IAAA,EAAAhH,IAAA,EAAAiH,SAAA,EAAAC,WAAA,EAAA7F,MAAA;IAAA,OAAAzD,mBAAA,GAAAqB,IAAA,UAAAkI,SAAAC,QAAA;MAAA,kBAAAA,QAAA,CAAAnC,IAAA,GAAAmC,QAAA,CAAAxE,IAAA;QAAA;UAA2BoE,IAAI,GAAAD,IAAA,CAAJC,IAAI,EAAEhH,IAAI,GAAA+G,IAAA,CAAJ/G,IAAI;UAC9BiH,SAAS,GAAGjH,IAAI,CAACqH,WAAW,CAAC,CAAC;UAE9BH,WAAW,GAAGI,QAAQ,CAACL,SAAS,CAAC;UAAA,IAElCC,WAAW;YAAAE,QAAA,CAAAxE,IAAA;YAAA;UAAA;UAAA,MACT,IAAI2E,0BAAa,CAAC,YAAY,EAAE,uBAAuB,CAAC;QAAA;UAGzDlG,MAAM,GAAGiG,QAAQ,CAACL,SAAS,CAAC,CAACD,IAAI,CAAC;UAAAI,QAAA,CAAAxE,IAAA;UAAA,OAElC4E,6BAAc,CAACC,OAAO,CAAC;YAAET,IAAI,EAAJA,IAAI;YAAEhH,IAAI,EAAJA;UAAK,CAAC,CAAC;QAAA;UAAA,OAAAoH,QAAA,CAAA/E,MAAA,WAErChB,MAAM;QAAA;QAAA;UAAA,OAAA+F,QAAA,CAAAhC,IAAA;MAAA;IAAA,GAAA0B,OAAA;EAAA,CACb;EAAA,OAAAD,UAAA,CAAAH,KAAA,OAAAD,SAAA;AAAA;AAOD,SAASiB,QAAQA,CAACV,IAAI,EAAE;EACvB,IAAMW,OAAO,GAAG,IAAIC,MAAM,CACzB,mBAAmB;EAAG;EACrB,kDAAkD;EAAG;EACrD,6BAA6B;EAAG;EAChC,iCAAiC;EAAG;EACpC,0BAA0B;EAAG;EAC7B,oBAAoB,EACrB,GACD,CAAC,CAAC,CAAC;EACH,OAAO,CAAC,CAACD,OAAO,CAACE,IAAI,CAACb,IAAI,CAAC;AAC5B;;AAEA;AACA;AACA;AACA;AACA;AACA,SAASc,WAAWA,CAACd,IAAI,EAAE;EAC1B,OAAO,CAACpD,KAAK,CAACoD,IAAI,CAAC,IAAI,CAACpD,KAAK,CAACmE,UAAU,CAACf,IAAI,CAAC,CAAC;AAChD;;AAEA;AACA;AACA;AACA;AACA;AACA;AACA;;AAEA;AACA;AACA;AACA,IAAMM,QAAQ,GAAG;EAChBU,GAAG,EAAEN,QAAQ;EACbO,MAAM,EAAEH;AACT,CAAC;AAAC,IAAAI,QAAA,GAEavB,SAAS;AAAA9I,OAAA,cAAAqK,QAAA"},"_coverageSchema":"1a1c01bbd47fc00a2c39e90264f33305004495a9","hash":"d42d0f6dcbead4521bdc89031758b7abad15936a","contentHash":"37ba71ed8ce092a42a91dd20c4b53f18669dac69b53e5774c03610c877cb83f8"},"F:\\JS\\Escritorio\\Clases\\Pruebas De soft\\unit-mocha\\src\\helpers\\error.helper.js":{"path":"F:\\JS\\Escritorio\\Clases\\Pruebas De soft\\unit-mocha\\src\\helpers\\error.helper.js","statementMap":{"0":{"start":{"line":3,"column":51},"end":{"line":3,"column":334}},"1":{"start":{"line":3,"column":153},"end":{"line":3,"column":171}},"2":{"start":{"line":3,"column":193},"end":{"line":3,"column":317}},"3":{"start":{"line":4,"column":0},"end":{"line":6,"column":3}},"4":{"start":{"line":7,"column":0},"end":{"line":7,"column":53}},"5":{"start":{"line":8,"column":44},"end":{"line":8,"column":331}},"6":{"start":{"line":8,"column":57},"end":{"line":8,"column":58}},"7":{"start":{"line":8,"column":102},"end":{"line":8,"column":110}},"8":{"start":{"line":8,"column":112},"end":{"line":8,"column":167}},"9":{"start":{"line":8,"column":168},"end":{"line":8,"column":199}},"10":{"start":{"line":8,"column":200},"end":{"line":8,"column":254}},"11":{"start":{"line":8,"column":227},"end":{"line":8,"column":254}},"12":{"start":{"line":8,"column":255},"end":{"line":8,"column":329}},"13":{"start":{"line":9,"column":62},"end":{"line":9,"column":131}},"14":{"start":{"line":9,"column":78},"end":{"line":9,"column":131}},"15":{"start":{"line":9,"column":132},"end":{"line":9,"column":193}},"16":{"start":{"line":9,"column":149},"end":{"line":9,"column":193}},"17":{"start":{"line":9,"column":194},"end":{"line":9,"column":263}},"18":{"start":{"line":9,"column":264},"end":{"line":9,"column":283}},"19":{"start":{"line":10,"column":41},"end":{"line":10,"column":68}},"20":{"start":{"line":10,"column":70},"end":{"line":10,"column":123}},"21":{"start":{"line":11,"column":37},"end":{"line":11,"column":101}},"22":{"start":{"line":11,"column":88},"end":{"line":11,"column":101}},"23":{"start":{"line":11,"column":113},"end":{"line":11,"column":138}},"24":{"start":{"line":11,"column":140},"end":{"line":11,"column":326}},"25":{"start":{"line":11,"column":176},"end":{"line":11,"column":211}},"26":{"start":{"line":11,"column":213},"end":{"line":11,"column":255}},"27":{"start":{"line":11,"column":244},"end":{"line":11,"column":255}},"28":{"start":{"line":11,"column":256},"end":{"line":11,"column":324}},"29":{"start":{"line":11,"column":327},"end":{"line":11,"column":379}},"30":{"start":{"line":12,"column":50},"end":{"line":12,"column":151}},"31":{"start":{"line":12,"column":92},"end":{"line":12,"column":149}},"32":{"start":{"line":13,"column":43},"end":{"line":13,"column":182}},"33":{"start":{"line":13,"column":106},"end":{"line":13,"column":180}},"34":{"start":{"line":13,"column":183},"end":{"line":13,"column":328}},"35":{"start":{"line":13,"column":329},"end":{"line":13,"column":395}},"36":{"start":{"line":13,"column":396},"end":{"line":13,"column":450}},"37":{"start":{"line":13,"column":412},"end":{"line":13,"column":450}},"38":{"start":{"line":14,"column":65},"end":{"line":14,"column":92}},"39":{"start":{"line":14,"column":94},"end":{"line":14,"column":423}},"40":{"start":{"line":14,"column":147},"end":{"line":14,"column":171}},"41":{"start":{"line":14,"column":181},"end":{"line":14,"column":371}},"42":{"start":{"line":14,"column":230},"end":{"line":14,"column":263}},"43":{"start":{"line":14,"column":265},"end":{"line":14,"column":321}},"44":{"start":{"line":14,"column":331},"end":{"line":14,"column":369}},"45":{"start":{"line":14,"column":372},"end":{"line":14,"column":420}},"46":{"start":{"line":15,"column":50},"end":{"line":15,"column":249}},"47":{"start":{"line":15,"column":124},"end":{"line":15,"column":136}},"48":{"start":{"line":15,"column":144},"end":{"line":15,"column":249}},"49":{"start":{"line":15,"column":167},"end":{"line":15,"column":247}},"50":{"start":{"line":15,"column":250},"end":{"line":15,"column":286}},"51":{"start":{"line":16,"column":40},"end":{"line":16,"column":151}},"52":{"start":{"line":16,"column":63},"end":{"line":16,"column":149}},"53":{"start":{"line":16,"column":152},"end":{"line":16,"column":164}},"54":{"start":{"line":17,"column":48},"end":{"line":17,"column":97}},"55":{"start":{"line":17,"column":99},"end":{"line":17,"column":725}},"56":{"start":{"line":17,"column":153},"end":{"line":17,"column":215}},"57":{"start":{"line":17,"column":202},"end":{"line":17,"column":215}},"58":{"start":{"line":17,"column":216},"end":{"line":17,"column":327}},"59":{"start":{"line":17,"column":251},"end":{"line":17,"column":325}},"60":{"start":{"line":17,"column":328},"end":{"line":17,"column":443}},"61":{"start":{"line":17,"column":365},"end":{"line":17,"column":413}},"62":{"start":{"line":17,"column":388},"end":{"line":17,"column":413}},"63":{"start":{"line":17,"column":414},"end":{"
[...]
153":0,"154":0,"155":0,"156":0,"157":0,"158":0,"159":0,"160":0,"161":0,"162":0,"163":0,"164":0,"165":0,"166":0,"167":0,"168":0,"169":0,"170":0,"171":0,"172":0,"173":0,"174":0,"175":0,"176":0,"177":0,"178":0,"179":0,"180":0,"181":0,"182":0,"183":0,"184":0,"185":0,"186":0,"187":0,"188":0,"189":0,"190":0,"191":0,"192":0,"193":0,"194":0,"195":0,"196":0,"197":0,"198":0,"199":0,"200":0,"201":4,"202":4,"203":4,"204":0,"205":0,"206":4,"207":2,"208":2,"209":2,"210":2,"211":2,"212":2,"213":2,"214":4,"215":0,"216":2,"217":1,"218":1,"219":1,"220":1,"221":1,"222":2,"223":3,"224":1,"225":1,"226":1,"227":1,"228":1,"229":1,"230":1,"231":1,"232":0,"233":0,"234":0,"235":0,"236":1,"237":1,"238":1,"239":1,"240":1,"241":2,"242":2,"243":1,"244":1,"245":1,"246":1},"f":{"0":1,"1":0,"2":0,"3":0,"4":1,"5":3,"6":0,"7":13,"8":0,"9":2,"10":4,"11":0,"12":0,"13":0,"14":0,"15":2,"16":6,"17":4,"18":0,"19":0,"20":0,"21":0,"22":0,"23":0,"24":0,"25":0,"26":0,"27":2,"28":4,"29":0,"30":1,"31":3,"32":2,"33":1,"34":0,"35":0,"36":0,"37":2,"38":0,"39":0,"40":0,"41":0,"42":0,"43":0,"44":0,"45":0,"46":2,"47":2,"48":0,"49":0,"50":0,"51":0,"52":0,"53":0,"54":0,"55":4,"56":2,"57":2,"58":2,"59":4,"60":0,"61":1,"62":1,"63":1,"64":2,"65":1,"66":1,"67":1,"68":2},"b":{"0":[1,0],"1":[1,1],"2":[0,0],"3":[0,0],"4":[0,0],"5":[0,0,0,0],"6":[1,0],"7":[1,0],"8":[1,0],"9":[1,0],"10":[1,0],"11":[2,0],"12":[2,2],"13":[2,1],"14":[1,1],"15":[1,1,1,1],"16":[0,0],"17":[0,0],"18":[0,0,0],"19":[0,0],"20":[0,4],"21":[0,4],"22":[0,0],"23":[0,4],"24":[0,0],"25":[0,0],"26":[4,0],"27":[0,0],"28":[0,0],"29":[0,0],"30":[4,0],"31":[0,4],"32":[2,2],"33":[0,0],"34":[0,0],"35":[0,0,0,0,0],"36":[0,0],"37":[0,0],"38":[0,0],"39":[0,0],"40":[1,1],"41":[1,0],"42":[3,3],"43":[1,0],"44":[1,0],"45":[0,0],"46":[0,0],"47":[0,0],"48":[0,0],"49":[0,0,0],"50":[0,0],"51":[2,0],"52":[0,0],"53":[0,0],"54":[0,0],"55":[0,0],"56":[0,2],"57":[0,0,0,0],"58":[0,2],"59":[0,0],"60":[0,0],"61":[0,0],"62":[0,0],"63":[0,0],"64":[0,0],"65":[0,0],"66":[0,0],"67":[0,0],"68":[0,0],"69":[0,0],"70":[0,0],"71":[0,0],"72":[0,0,0],"73":[0,0,0,0,0,0],"74":[0,0],"75":[0,0],"76":[0,0],"77":[0,0],"78":[0,0],"79":[0,0],"80":[0,0,0],"81":[0,0],"82":[0,0],"83":[0,0],"84":[0,0],"85":[2,2],"86":[1,1,0,1,1],"87":[1,0],"88":[1,1],"89":[1,0],"90":[1,1],"91":[1,1,1]},"inputSourceMap":{"version":3,"names":["_mongoose","require","_environment","_interopRequireDefault","obj","__esModule","_typeof","Symbol","iterator","constructor","prototype","_regeneratorRuntime","exports","Op","Object","hasOwn","hasOwnProperty","defineProperty","key","desc","value","$Symbol","iteratorSymbol","asyncIteratorSymbol","asyncIterator","toStringTagSymbol","toStringTag","define","enumerable","configurable","writable","err","wrap","innerFn","outerFn","self","tryLocsList","protoGenerator","Generator","generator","create","context","Context","makeInvokeMethod","tryCatch","fn","arg","type","call","ContinueSentinel","GeneratorFunction","GeneratorFunctionPrototype","IteratorPrototype","getProto","getPrototypeOf","NativeIteratorPrototype","values","Gp","defineIteratorMethods","forEach","method","_invoke","AsyncIterator","PromiseImpl","invoke","resolve","reject","record","result","__await","then","unwrapped","error","previousPromise","callInvokeWithMethodAndArg","state","Error","doneResult","delegate","delegateResult","maybeInvokeDelegate","sent","_sent","dispatchException","abrupt","done","methodName","undefined","TypeError","info","resultName","next","nextLoc","pushTryEntry","locs","entry","tryLoc","catchLoc","finallyLoc","afterLoc","tryEntries","push","resetTryEntry","completion","reset","iterable","iteratorMethod","isNaN","length","i","displayName","isGeneratorFunction","genFun","ctor","name","mark","setPrototypeOf","__proto__","awrap","async","Promise","iter","keys","val","object","reverse","pop","skipTempReset","prev","charAt","slice","stop","rootRecord","rval","exception","handle","loc","caught","hasCatch","hasFinally","finallyEntry","complete","finish","_catch","thrown","delegateYield","asyncGeneratorStep","gen","_next","_throw","_asyncToGenerator","args","arguments","apply","MONGO_URI","environment","mongoConnect","_mongoConnect","_callee","uri","_args","_callee$","_context","console","log","connect","t0","process","exit","mongoDisconnect","_mongoDisconnect","_callee2","_callee2$","_context2","disconnect"],"sourceRoot":"F:\\JS\\Escritorio\\Clases\\Pruebas De soft\\unit-mocha\\src\\config\\","sources":["mongo.js"],"sourcesContent":["import { connect, disconnect } from \"mongoose\";\r\nimport environment from \"./environment.js\";\r\n\r\nconst { MONGO_URI } = environment;\r\n\r\nasync function mongoConnect(uri = null) {\r\n\ttry {\r\n\t\tconsole.log(\"Connecting to mongo database...\");\r\n\t\tawait connect(uri ?? MONGO_URI);\r\n\t\tconsole.log(\"Connected =)\");\r\n\t} catch (error) {\r\n\t\tconsole.log(error);\r\n\t\tprocess.exit(1);\r\n\t}\r\n}\r\n\r\nasync function mongoDisconnect() {\r\n\tawait disconnect();\r\n}\r\n\r\nexport { mongoConnect, mongoDisconnect };\r\n"],"mappings":";;;;;;;AAAA,IAAAA,SAAA,GAAAC,OAAA;AACA,IAAAC,YAAA,GAAAC,sBAAA,CAAAF,OAAA;AAA2C,SAAAE,uBAAAC,GAAA,WAAAA,GAAA,IAAAA,GAAA,CAAAC,UAAA,GAAAD,GAAA,gBAAAA,GAAA;AAAA,SAAAE,QAAAF,GAAA,sCAAAE,OAAA,wBAAAC,MAAA,uBAAAA,MAAA,CAAAC,QAAA,aAAAJ,GAAA,kBAAAA,GAAA,gBAAAA,GAAA,WAAAA,GAAA,yBAAAG,MAAA,IAAAH,GAAA,CAAAK,WAAA,KAAAF,MAAA,IAAAH,GAAA,KAAAG,MAAA,CAAAG,SAAA,qBAAAN,GAAA,KAAAE,OAAA,CAAAF,GAAA;AAAA,SAAAO,oBAAA,kBAA3C,qJAAAA,mBAAA,YAAAA,oBAAA,WAAAC,OAAA,SAAAA,OAAA,OAAAC,EAAA,GAAAC,MAAA,CAAAJ,SAAA,EAAAK,MAAA,GAAAF,EAAA,CAAAG,cAAA,EAAAC,cAAA,GAAAH,MAAA,CAAAG,cAAA,cAAAb,GAAA,EAAAc,GAAA,EAAAC,IAAA,IAAAf,GAAA,CAAAc,GAAA,IAAAC,IAAA,CAAAC,KAAA,KAAAC,OAAA,wBAAAd,MAAA,GAAAA,MAAA,OAAAe,cAAA,GAAAD,OAAA,CAAAb,QAAA,kBAAAe,mBAAA,GAAAF,OAAA,CAAAG,aAAA,uBAAAC,iBAAA,GAAAJ,OAAA,CAAAK,WAAA,8BAAAC,OAAAvB,GAAA,EAAAc,GAAA,EAAAE,KAAA,WAAAN,MAAA,CAAAG,cAAA,CAAAb,GAAA,EAAAc,GAAA,IAAAE,KAAA,EAAAA,KAAA,EAAAQ,UAAA,MAAAC,YAAA,MAAAC,QAAA,SAAA1B,GAAA,CAAAc,GAAA,WAAAS,MAAA,mBAAAI,GAAA,IAAAJ,MAAA,YAAAA,OAAAvB,GAAA,EAAAc,GAAA,EAAAE,KAAA,WAAAhB,GAAA,CAAAc,GAAA,IAAAE,KAAA,gBAAAY,KAAAC,OAAA,EAAAC,OAAA,EAAAC,IAAA,EAAAC,WAAA,QAAAC,cAAA,GAAAH,OAAA,IAAAA,OAAA,CAAAxB,SAAA,YAAA4B,SAAA,GAAAJ,OAAA,GAAAI,SAAA,EAAAC,SAAA,GAAAzB,MAAA,CAAA0B,MAAA,CAAAH,cAAA,CAAA3B,SAAA,GAAA+B,OAAA,OAAAC,OAAA,CAAAN,WAAA,gBAAAnB,cAAA,CAAAsB,SAAA,eAAAnB,KAAA,EAAAuB,gBAAA,CAAAV,OAAA,EAAAE,IAAA,EAAAM,OAAA,MAAAF,SAAA,aAAAK,SAAAC,EAAA,EAAAzC,GAAA,EAAA0C,GAAA,mBAAAC,IAAA,YAAAD,GAAA,EAAAD,EAAA,CAAAG,IAAA,CAAA5C,GAAA,EAAA0C,GAAA,cAAAf,GAAA,aAAAgB,IAAA,WAAAD,GAAA,EAAAf,GAAA,QAAAnB,OAAA,CAAAoB,IAAA,GAAAA,IAAA,MAAAiB,gBAAA,gBAAAX,UAAA,cAAAY,kBAAA,cAAAC,2BAAA,SAAAC,iBAAA,OAAAzB,MAAA,CAAAyB,iBAAA,EAAA9B,cAAA,qCAAA+B,QAAA,GAAAvC,MAAA,CAAAwC,cAAA,EAAAC,uBAAA,GAAAF,QAAA,IAAAA,QAAA,CAAAA,QAAA,CAAAG,MAAA,QAAAD,uBAAA,IAAAA,uBAAA,KAAA1C,EAAA,IAAAE,MAAA,CAAAiC,IAAA,CAAAO,uBAAA,EAAAjC,cAAA,MAAA8B,iBAAA,GAAAG,uBAAA,OAAAE,EAAA,GAAAN,0BAAA,CAAAzC,SAAA,GAAA4B,SAAA,CAAA5B,SAAA,GAAAI,MAAA,CAAA0B,MAAA,CAAAY,iBAAA,YAAAM,sBAAAhD,SAAA,gCAAAiD,OAAA,WAAAC,MAAA,IAAAjC,MAAA,CAAAjB,SAAA,EAAAkD,MAAA,YAAAd,GAAA,gBAAAe,OAAA,CAAAD,MAAA,EAAAd,GAAA,sBAAAgB,cAAAvB,SAAA,EAAAwB,WAAA,aAAAC,OAAAJ,MAAA,EAAAd,GAAA,EAAAmB,OAAA,EAAAC,MAAA,QAAAC,MAAA,GAAAvB,QAAA,CAAAL,SAAA,CAAAqB,MAAA,GAAArB,SAAA,EAAAO,GAAA,mBAAAqB,MAAA,CAAApB,IAAA,QAAAqB,MAAA,GAAAD,MAAA,CAAArB,GAAA,EAAA1B,KAAA,GAAAgD,MAAA,CAAAhD,KAAA,SAAAA,KAAA,gBAAAd,OAAA,CAAAc,KAAA,KAAAL,MAAA,CAAAiC,IAAA,CAAA5B,KAAA,eAAA2C,WAAA,CAAAE,OAAA,CAAA7C,KAAA,CAAAiD,OAAA,EAAAC,IAAA,WAAAlD,KAAA,IAAA4C,MAAA,SAAA5C,KAAA,EAAA6C,OAAA,EAAAC,MAAA,gBAAAnC,GAAA,IAAAiC,MAAA,UAAAjC,GAAA,EAAAkC,OAAA,EAAAC,MAAA,QAAAH,WAAA,CAAAE,OAAA,CAAA7C,KAAA,EAAAkD,IAAA,WAAAC,SAAA,IAAAH,MAAA,CAAAhD,KAAA,GAAAmD,SAAA,EAAAN,OAAA,CAAAG,MAAA,gBAAAI,KAAA,WAAAR,MAAA,UAAAQ,KAAA,EAAAP,OAAA,EAAAC,MAAA,SAAAA,MAAA,CAAAC,MAAA,CAAArB,GAAA,SAAA2B,eAAA,EAAAxD,cAAA,oBAAAG,KAAA,WAAAA,MAAAwC,MAAA,EAAAd,GAAA,aAAA4B,2BAAA,eAAAX,WAAA,WAAAE,OAAA,EAAAC,MAAA,IAAAF,MAAA,CAAAJ,MAAA,EAAAd,GAAA,EAAAmB,OAAA,EAAAC,MAAA,gBAAAO,eAAA,GAAAA,eAAA,GAAAA,eAAA,CAAAH,IAAA,CAAAI,0BAAA,EAAAA,0BAAA,IAAAA,0BAAA,qBAAA/B,iBAAAV,OAAA,EAAAE,IAAA,EAAAM,OAAA,QAAAkC,KAAA,sCAAAf,MAAA,EAAAd,GAAA,wBAAA6B,KAAA,YAAAC,KAAA,sDAAAD,KAAA,oBAAAf,MAAA,QAAAd,GAAA,SAAA+B,UAAA,WAAApC,OAAA,CAAAmB,MAAA,GAAAA,MAAA,EAAAnB,OAAA,CAAAK,GAAA,GAAAA,GAAA,UAAAgC,QAAA,GAAArC,OAAA,CAAAqC,QAAA,MAAAA,QAAA,QAAAC,cAAA,GAAAC,mBAAA,CAAAF,QAAA,EAAArC,OAAA,OAAAsC,cAAA,QAAAA,cAAA,KAAA9B,gBAAA,mBAAA8B,cAAA,qBAAAtC,OAAA,CAAAmB,MAAA,EAAAnB,OAAA,CAAAwC,IAAA,GAAAxC,OAAA,CAAAyC,KAAA,GAAAzC,OAAA,CAAAK,GAAA,sBAAAL,OAAA,CAAAmB,MAAA,6BAAAe,KAAA,QAAAA,KAAA,gBAAAlC,OAAA,CAAAK,GAAA,EAAAL,OAAA,CAAA0C,iBAAA,CAAA1C,OAAA,CAAAK,GAAA,uBAAAL,OAAA,CAAAmB,MAAA,IAAAnB,OAAA,CAAA2C,MAAA,WAAA3C,OAAA,CAAAK,GAAA,GAAA6B,KAAA,oBAAAR,MAAA,GAAAvB,QAAA,CAAAX,OAAA,EAAAE,IAAA,EAAAM,OAAA,oBAAA0B,MAAA,CAAApB,IAAA,QAAA4B,KAAA,GAAAlC,OAAA,CAAA4C,IAAA,mCAAAlB,MAAA,CAAArB,GAAA,KAAAG,gBAAA,qBAAA7B,KAAA,EAAA+C,MAAA,CAAArB,GAAA,EAAAuC,IAAA,EAAA5C,OAAA,CAAA4C,IAAA,kBAAAlB,MAAA,CAAApB,IAAA,KAAA4B,KAAA,gBAAAlC,OAAA,CAAAmB,MAAA,YAAAnB,OAAA,CAAAK,GAAA,GAAAqB,MAAA,CAAArB,GAAA,mBAAAkC,oBAAAF,QAAA,EAAArC,OAAA,QAAA6C,UAAA,GAAA7C,OAAA,CAAAmB,MAAA,EAAAA,MAAA,GAAAkB,QAAA,CAAAtE,QAAA,CAAA8E,UAAA,OAAAC,SAAA,KAAA3B,MAAA,SAAAnB,OAAA,CAAAqC,QAAA,qBAAAQ,UAAA,IAAAR,QAAA,CAAAtE,QAAA,eAAAiC,OAAA,CAAAmB,MAAA,aAAAnB,OAAA,CAAAK,GAAA,GAAAyC,SAAA,EAAAP,mBAAA,CAAAF,QAAA,EAAArC,OAAA,eAAAA,OAAA,CAAAmB,MAAA,kBAAA0B,UAAA,KAAA7C,OAAA,CAAAmB,MAAA,YAAAnB,OAAA,CAAAK,GAAA,OAAA0C,SAAA,uCAAAF,UAAA,iBAAArC,gBAAA,MAAAkB,MAAA,GAAAvB,QAAA,CAAAgB,MAAA,EAAAkB,QAAA,CAAAtE,QAAA,EAAAiC,OAAA,CAAAK,GAAA,mBAAAqB,MAAA,CAAApB,IAAA,SAAAN,OAAA,CAAAmB,MAAA,YAAAnB,OAAA,CAAAK,GAAA,GAAAqB,MAAA,CAAArB,GAAA,EAAAL,OAAA,CAAAqC,QAAA,SAAA7B,gBAAA,MAAAwC,IAAA,GAAAtB,MAAA,CAAArB,GAAA,SAAA2C,IAAA,GAAAA,IAAA,CAAAJ,IAAA,IAAA5C,OAAA,CAAAqC,QAAA,CAAAY,UAAA,IAAAD,IAAA,CAAArE,KAAA,EAAAqB,OAAA,CAAAkD,IAAA,GAAAb,QAAA,CAAAc,OAAA,eAAAnD,OAAA,CAAAmB,MAAA,KAAAnB,OAAA,CAAAmB,MAAA,WAAAnB,OAAA,CAAAK,GAAA,GAAAyC,SAAA,GAAA9C,OAAA,CAAAqC,QAAA,SAAA7B,gBAAA,IAAAwC,IAAA,IAAAhD,OAAA,CAAAmB,MAAA,YAAAnB,OAAA,CAAAK,GAAA,OAAA0C,SAAA,sCAAA/C,OAAA,CAAAqC,QAAA,SAAA7B,gBAAA,cAAA4C,aAAAC,IAAA,QAAAC,KAAA,KAAAC,MAAA,EAAAF,IAAA,YAAAA,IAAA,KAAAC,KAAA,CAAAE,QAAA,GAAAH,IAAA,WAAAA,IAAA,KAAAC,KAAA,CAAAG,UAAA,GAAAJ,IAAA,KAAAC,KAAA,CAAAI,QAAA,GAAAL,IAAA,WAAAM,UAAA,CAAAC,IAAA,CAAAN,KAAA,cAAAO,cAAAP,KAAA,QAAA5B,MAAA,GAAA4B,KAAA,CAAAQ,UAAA,QAAApC,MAAA,CAAApB,IAAA,oBAAAoB,MAAA,CAAArB,GAAA,EAAAiD,KAAA,CAAAQ,UAAA,GAAApC,MAAA,aAAAzB,QAAAN,WAAA,SAAAgE,UAAA,MAAAJ,MAAA,aAAA5D,WAAA,CAAAuB,OAAA,CAAAkC,YAAA,cAAAW,KAAA,iBAAAhD,OAAAiD,QAAA,QAAAA,QAAA,QAAAC,cAAA,GAAAD,QAAA,CAAAnF,cAAA,OAAAoF,cAAA,SAAAA,cAAA,CAAA1D,IAAA,CAAAyD,QAAA,4BAAAA,QAAA,CAAAd,IAAA,SAAAc,QAAA,OAAAE,KAAA,CAAAF,QAAA,CAAAG,MAAA,SAAAC,CAAA,OAAAlB,IAAA,YAAAA,KAAA,aAAAkB,CAAA,GAAAJ,QAAA,CAAAG,MAAA,OAAA7F,MAAA,CAAAiC,IAAA,CAAAyD,QAAA,EAAAI,CAAA,UAAAlB,IAAA,CAAAvE,KAAA,GAAAqF,QAAA,CAAAI,CAAA,GAAAlB,IAAA,CAAAN,IAAA,OAAAM,IAAA,SAAAA,IAAA,CAAAvE,KAAA,GAAAmE,SAAA,EAAAI,IAAA,CAAAN,IAAA,OAAAM,IAAA,YAAAA,IAAA,CAAAA,IAAA,GAAAA,IAAA,eAAAA,IAAA,EAAAd,UAAA,eAAAA,WAAA,aAAAzD,KAAA,EAAAmE,SAAA,EAAAF,IAAA,iBAAAnC,iBAAA,CAAAxC,SAAA,GAAAyC,0BAAA,EAAAlC,cAAA,CAAAwC,EAAA,mBAAArC,KAAA,EAAA+B,0BAAA,EAAAtB,YAAA,SAAAZ,cAAA,CAAAkC,0BAAA,mBAAA/B,KAAA,EAAA8B,iBAAA,EAAArB,YAAA,SAAAqB,iBAAA,CAAA4D,WAAA,GAAAnF,MAAA,CAAAwB,0BAAA,EAAA1B,iBAAA,wBAAAb,OAAA,CAAAmG,mBAAA,aAAAC,MAAA,QAAAC,IAAA,wBAAAD,MAAA,IAAAA,MAAA,CAAAvG,WAAA,WAAAwG,IAAA,KAAAA,IAAA,KAAA/D,iBAAA,6BAAA+D,IAAA,CAAAH,WAAA,IAAAG,IAAA,CAAAC,IAAA,OAAAtG,OAAA,CAAAuG,IAAA,aAAAH,MAAA,WAAAlG,MAAA,CAAAsG,cAAA,GAAAtG,MAAA,CAAAsG,cAAA,CAAAJ,MAAA,EAAA7D,0BAAA,KAAA6D,MAAA,CAAAK,SAAA,GAAAlE,0BAAA,EAAAxB,MAAA,CAAAqF,MAAA,EAAAvF,iBAAA,yBAAAuF,MAAA,CAAAtG,SAAA,GAAAI,MAAA,CAAA0B,MAAA,CAAAiB,EAAA,GAAAuD,MAAA,KAAApG,OAAA,CAAA0G,KAAA,aAAAxE,GAAA,aAAAuB,OAAA,EAAAvB,GAAA,OAAAY,qBAAA,CAAAI,aAAA,CAAApD,SAAA,GAAAiB,MAAA,CAAAmC,aAAA,CAAApD,SAAA,EAAAa,mBAAA,iCAAAX,OAAA,CAAAkD,aAAA,GAAAA,aAAA,EAAAlD,OAAA,CAAA2G,KAAA,aAAAtF,OAAA,EAAAC,OAAA,EAAAC,IAAA,EAAAC,WAAA,EAAA2B,WAAA,eAAAA,WAAA,KAAAA,WAAA,GAAAyD,OAAA,OAAAC,IAAA,OAAA3D,aAAA,CAAA9B,IAAA,CAAAC,OAAA,EAAAC,OAAA,EAAAC,IAAA,EAAAC,WAAA,GAAA2B,WAAA,UAAAnD,OAAA,CAAAmG,mBAAA,CAAA7E,OAAA,IAAAuF,IAAA,GAAAA,IAAA,CAAA9B,IAAA,GAAArB,IAAA,WAAAF,MAAA,WAAAA,MAAA,CAAAiB,IAAA,GAAAjB,MAAA,CAAAhD,KAAA,GAAAqG,IAAA,CAAA9B,IAAA,WAAAjC,qBAAA,CAAAD,EAAA,GAAA9B,MAAA,CAAA8B,EAAA,EAAAhC,iBAAA,gBAAAE,MAAA,CAAA8B,EAAA,EAAAnC,cAAA,iCAAAK,MAAA,CAAA8B,EAAA,6DAAA7C,OAAA,CAAA8G,IAAA,aAAAC,GAAA,QAAAC,MAAA,GAAA9G,MAAA,CAAA6G,GAAA,GAAAD,IAAA,gBAAAxG,GAAA,IAAA0G,MAAA,EAAAF,IAAA,CAAArB,IAAA,CAAAnF,GAAA,UAAAwG,IAAA,CAAAG,OAAA,aAAAlC,KAAA,WAAA+B,IAAA,CAAAd,MAAA,SAAA1F,GAAA,GAAAwG,IAAA,CAAAI,GAAA,QAAA5G,GAAA,IAAA0G,MAAA,SAAAjC,IAAA,CAAAvE,KAAA,GAAAF,GAAA,EAAAyE,IAAA,CAAAN,IAAA,OAAAM,IAAA,WAAAA,IAAA,CAAAN,IAAA,OAAAM,IAAA,QAAA/E,OAAA,CAAA4C,MAAA,GAAAA,MAAA,EAAAd,OAAA,CAAAhC,SAAA,KAAAD,WAAA,EAAAiC,OAAA,EAAA8D,KAAA,WAAAA,MAAAuB,aAAA,aAAAC,IAAA,WAAArC,IAAA,WAAAV,IAAA,QAAAC,KAAA,GAAAK,SAAA,OAAAF,IAAA,YAAAP,QAAA,cAAAlB,MAAA,gBAAAd,GAAA,GAAAyC,SAAA,OAAAa,UAAA,CAAAzC,OAAA,CAAA2C,aAAA,IAAAyB,aAAA,WAAAb,IAAA,kBAAAA,IAAA,CAAAe,MAAA,OAAAlH,MAAA,CAAAiC,IAAA,OAAAkE,IAAA,MAAAP,KAAA,EAAAO,IAAA,CAAAgB,KAAA,cAAAhB,IAAA,IAAA3B,SAAA,MAAA4C,IAAA,WAAAA,KAAA,SAAA9C,IAAA,WAAA+C,UAAA,QAAAhC,UAAA,IAAAG,UAAA,kBAAA6B,UAAA,CAAArF,IAAA,QAAAqF,UAAA,CAAAtF,GAAA,cAAAuF,IAAA,KAAAlD,iBAAA,WAAAA,kBAAAmD,SAAA,aAAAjD,IAAA,QAAAiD,SAAA,MAAA7F,OAAA,kBAAA8F,OAAAC,GAAA,EAAAC,MAAA,WAAAtE,MAAA,CAAApB,IAAA,YAAAoB,MAAA,CAAArB,GAAA,GAAAwF,SAAA,EAAA7F,OAAA,CAAAkD,IAAA,GAAA6C,GAAA,EAAAC,MAAA,KAAAhG,OAAA,CAAAmB,MAAA,WAAAnB,OAAA,CAAAK,GAAA,GAAAyC,SAAA,KAAAkD,MAAA,aAAA5B,CAAA,QAAAT,UAAA,CAAAQ,MAAA,MAAAC,CAAA,SAAAA,CAAA,QAAAd,KAAA,QAAAK,UAAA,CAAAS,CAAA,GAAA1C,MAAA,GAAA4B,KAAA,CAAAQ,UAAA,iBAAAR,KAAA,CAAAC,MAAA,SAAAuC,MAAA,aAAAxC,KAAA,CAAAC,MAAA,SAAAgC,IAAA,QAAAU,QAAA,GAAA3H,MAAA,CAAAiC,IAAA,CAAA+C,KAAA,eAAA4C,UAAA,GAAA5H,MAAA,CAAAiC,IAAA,CAAA+C,KAAA,qBAAA2C,QAAA,IAAAC,UAAA,aAAAX,IAAA,GAAAjC,KAAA,CAAAE,QAAA,SAAAsC,MAAA,CAAAxC,KAAA,CAAAE,QAAA,gBAAA+B,IAAA,GAAAjC,KAAA,CAAAG,UAAA,SAAAqC,MAAA,CAAAxC,KAAA,CAAAG,UAAA,cAAAwC,QAAA,aAAAV,IAAA,GAAAjC,KAAA,CAAAE,QAAA,SAAAsC,MAAA,CAAAxC,KAAA,CAAAE,QAAA,qBAAA0C,UAAA,YAAA/D,KAAA,qDAAAoD,IAAA,GAAAjC,KAAA,CAAAG,UAAA,SAAAqC,MAAA,CAAAxC,KAAA,CAAAG,UAAA,YAAAd,MAAA,WAAAA,OAAArC,IAAA,EAAAD,GAAA,aAAA+D,CAAA,QAAAT,UAAA,CAAAQ,MAAA,MAAAC,CAAA,SAAAA,CAAA,QAAAd,KAAA,QAAAK,UAAA,CAAAS,CAAA,OAAAd,KAAA,CAAAC,MAAA,SAAAgC,IAAA,IAAAjH,MAAA,CAAAiC,IAAA,CAAA+C,KAAA,wBAAAiC,IAAA,GAAAjC,KAAA,CAAAG,UAAA,QAAA0C,YAAA,GAAA7C,KAAA,aAAA6C,YAAA,iBAAA7F,IAAA,mBAAAA,IAAA,KAAA6F,YAAA,CAAA5C,MAAA,IAAAlD,GAAA,IAAAA,GAAA,IAAA8F,YAAA,CAAA1C,UAAA,KAAA0C,YAAA,cAAAzE,MAAA,GAAAyE,YAAA,GAAAA,YAAA,CAAArC,UAAA,cAAApC,MAAA,CAAApB,IAAA,GAAAA,IAAA,EAAAoB,MAAA,CAAArB,GAAA,GAAAA,GAAA,EAAA8F,YAAA,SAAAhF,MAAA,gBAAA+B,IAAA,GAAAiD,YAAA,CAAA1C,UAAA,EAAAjD,gBAAA,SAAA4F,QAAA,CAAA1E,MAAA,MAAA0E,QAAA,WAAAA,SAAA1E,MAAA,EAAAgC,QAAA,oBAAAhC,MAAA,CAAApB,IAAA,QAAAoB,MAAA,CAAArB,GAAA,qBAAAqB,MAAA,CAAApB,IAAA,mBAAAoB,MAAA,CAAApB,IAAA,QAAA4C,IAAA,GAAAxB,MAAA,CAAArB,GAAA,gBAAAqB,MAAA,CAAApB,IAAA,SAAAsF,IAAA,QAAAvF,GAAA,GAAAqB,MAAA,CAAArB,GAAA,OAAAc,MAAA,kBAAA+B,IAAA,yBAAAxB,MAAA,CAAApB,IAAA,IAAAoD,QAAA,UAAAR,IAAA,GAAAQ,QAAA,GAAAlD,gBAAA,KAAA6F,MAAA,WAAAA,OAAA5C,UAAA,aAAAW,CAAA,QAAAT,UAAA,CAAAQ,MAAA,MAAAC,CAAA,SAAAA,CAAA,QAAAd,KAAA,QAAAK,UAAA,CAAAS,CAAA,OAAAd,KAAA,CAAAG,UAAA,KAAAA,UAAA,cAAA2C,QAAA,CAAA9C,KAAA,CAAAQ,UAAA,EAAAR,KAAA,CAAAI,QAAA,GAAAG,aAAA,CAAAP,KAAA,GAAA9C,gBAAA,yBAAA8F,OAAA/C,MAAA,aAAAa,CAAA,QAAAT,UAAA,CAAAQ,MAAA,MAAAC,CAAA,SAAAA,CAAA,QAAAd,KAAA,QAAAK,UAAA,CAAAS,CAAA,OAAAd,KAAA,CAAAC,MAAA,KAAAA,MAAA,QAAA7B,MAAA,GAAA4B,KAAA,CAAAQ,UAAA,kBAAApC,MAAA,CAAApB,IAAA,QAAAiG,MAAA,GAAA7E,MAAA,CAAArB,GAAA,EAAAwD,aAAA,CAAAP,KAAA,YAAAiD,MAAA,gBAAApE,KAAA,8BAAAqE,aAAA,WAAAA,cAAAxC,QAAA,EAAAf,UAAA,EAAAE,OAAA,gBAAAd,QAAA,KAAAtE,QAAA,EAAAgD,MAAA,CAAAiD,QAAA,GAAAf,UAAA,EAAAA,UAAA,EAAAE,OAAA,EAAAA,OAAA,oBAAAhC,MAAA,UAAAd,GAAA,GAAAyC,SAAA,GAAAtC,gBAAA,OAAArC,OAAA;AAAA,SAAAsI,mBAAAC,GAAA,EAAAlF,OAAA,EAAAC,MAAA,EAAAkF,KAAA,EAAAC,MAAA,EAAAnI,GAAA,EAAA4B,GAAA,cAAA2C,IAAA,GAAA0D,GAAA,CAAAjI,GAAA,EAAA4B,GAAA,OAAA1B,KAAA,GAAAqE,IAAA,CAAArE,KAAA,WAAAoD,KAAA,IAAAN,MAAA,CAAAM,KAAA,iBAAAiB,IAAA,CAAAJ,IAAA,IAAApB,OAAA,CAAA7C,KAAA,YAAAoG,OAAA,CAAAvD,OAAA,CAAA7C,KAAA,EAAAkD,IAAA,CAAA8E,KAAA,EAAAC,MAAA;AAAA,SAAAC,kBAAAzG,EAAA,6BAAAV,IAAA,SAAAoH,IAAA,GAAAC,SAAA,aAAAhC,OAAA,WAAAvD,OAAA,EAAAC,MAAA,QAAAiF,GAAA,GAAAtG,EAAA,CAAA4G,KAAA,CAAAtH,IAAA,EAAAoH,IAAA,YAAAH,MAAAhI,KAAA,IAAA8H,kBAAA,CAAAC,GAAA,EAAAlF,OAAA,EAAAC,MAAA,EAAAkF,KAAA,EAAAC,MAAA,UAAAjI,KAAA,cAAAiI,OAAAtH,GAAA,IAAAmH,kBAAA,CAAAC,GAAA,EAAAlF,OAAA,EAAAC,MAAA,EAAAkF,KAAA,EAAAC,MAAA,WAAAtH,GAAA,KAAAqH,KAAA,CAAA7D,SAAA;AAEA,IAAQmE,SAAS,GAAKC,uBAAW,CAAzBD,SAAS;AAAiB,SAEnBE,YAAYA,CAAA;EAAA,OAAAC,aAAA,CAAAJ,KAAA,OAAAD,SAAA;AAAA;AAAA,SAAAK,cAAA;EAAAA,aAAA,GAAAP,iBAAA,eAAA3I,mBAAA,GAAAwG,IAAA,CAA3B,SAAA2C,QAAA;IAAA,IAAAC,GAAA;MAAAC,KAAA,GAAAR,SAAA;IAAA,OAAA7I,mBAAA,GAAAqB,IAAA,UAAAiI,SAAAC,QAAA;MAAA,kBAAAA,QAAA,CAAAlC,IAAA,GAAAkC,QAAA,CAAAvE,IAAA;QAAA;UAA4BoE,GAAG,GAAAC,KAAA,CAAApD,MAAA,QAAAoD,KAAA,QAAAzE,SAAA,GAAAyE,KAAA,MAAG,IAAI;UAAAE,QAAA,CAAAlC,IAAA;UAEpCmC,OAAO,CAACC,GAAG,CAAC,iCAAiC,CAAC;UAACF,QAAA,CAAAvE,IAAA;UAAA,OACzC,IAAA0E,iBAAO,EAACN,GAAG,aAAHA,GAAG,cAAHA,GAAG,GAAIL,SAAS,CAAC;QAAA;UAC/BS,OAAO,CAACC,GAAG,CAAC,cAAc,CAAC;UAACF,QAAA,CAAAvE,IAAA;UAAA;QAAA;UAAAuE,QAAA,CAAAlC,IAAA;UAAAkC,QAAA,CAAAI,EAAA,GAAAJ,QAAA;UAE5BC,OAAO,CAACC,GAAG,CAAAF,QAAA,CAAAI,EAAM,CAAC;UAClBC,OAAO,CAACC,IAAI,CAAC,CAAC,CAAC;QAAC;QAAA;UAAA,OAAAN,QAAA,CAAA/B,IAAA;MAAA;IAAA,GAAA2B,OAAA;EAAA,CAEjB;EAAA,OAAAD,aAAA,CAAAJ,KAAA,OAAAD,SAAA;AAAA;AAAA,SAEciB,eAAeA,CAAA;EAAA,OAAAC,gBAAA,CAAAjB,KAAA,OAAAD,SAAA;AAAA;AAAA,SAAAkB,iBAAA;EAAAA,gBAAA,GAAApB,iBAAA,eAAA3I,mBAAA,GAAAwG,IAAA,CAA9B,SAAAwD,SAAA;IAAA,OAAAhK,mBAAA,GAAAqB,IAAA,UAAA4I,UAAAC,SAAA;MAAA,kBAAAA,SAAA,CAAA7C,IAAA,GAAA6C,SAAA,CAAAlF,IAAA;QAAA;UAAAkF,SAAA,CAAAlF,IAAA;UAAA,OACO,IAAAmF,oBAAU,EAAC,CAAC;QAAA;QAAA;UAAA,OAAAD,SAAA,CAAA1C,IAAA;MAAA;IAAA,GAAAwC,QAAA;EAAA,CAClB;EAAA,OAAAD,gBAAA,CAAAjB,KAAA,OAAAD,SAAA;AAAA"},"_coverageSchema":"1a1c01bbd47fc00a2c39e90264f33305004495a9","hash":"a8b085e984490e17a0fe396041d42d2d3afec0b7","contentHash":"08ef19043c8914705dccf4a31ff3010c0b045c7f4ca43610fab2fe2a432f1cb3"},"F:\\JS\\Escritorio\\Clases\\Pruebas De soft\\unit-mocha\\src\\config\\environment.js":{"path":"F:\\JS\\Escritorio\\Clases\\Pruebas De soft\\unit-mocha\\src\\config\\environment.js","statementMap":{"0":{"start":{"line":3,"column":0},"end":{"line":5,"column":3}},"1":{"start":{"line":6,"column":0},"end":{"line":6,"column":28}},"2":{"start":{"line":7,"column":18},"end":{"line":10,"column":1}},"3":{"start":{"line":11,"column":15},"end":{"line":11,"column":26}},"4":{"start":{"line":12,"column":0},"end":{"line":12,"column":30}}},"fnMap":{},"branchMap":{"0":{"loc":{"start":{"line":8,"column":8},"end":{"line":8,"column":32}},"type":"binary-expr","locations":[{"start":{"line":8,"column":8},"end":{"line":8,"column":24}},{"start":{"line":8,"column":28},"end":{"line":8,"column":32}}],"line":8},"1":{"loc":{"start":{"line":9,"column":13},"end":{"line":9,"column":79}},"type":"binary-expr","locations":[{"start":{"line":9,"column":13},"end":{"line":9,"column":34}},{"start":{"line":9,"column":38},"end":{"line":9,"column":79}}],"line":9}},"s":{"0":1,"1":1,"2":1,"3":1,"4":1},"f":{},"b":{"0":[1,1],"1":[1,1]},"inputSourceMap":{"version":3,"names":["enviornment","PORT","process","env","MONGO_URI","_default","exports"],"sourceRoot":"F:\\JS\\Escritorio\\Clases\\Pruebas De soft\\unit-mocha\\src\\config\\","sources":["environment.js"],"sourcesContent":["const enviornment = {\r\n\tPORT: process.env.PORT || 4000,\r\n\tMONGO_URI: process.env.MONGO_URI || \"mongodb://localhost:27017/checktext-api\",\r\n};\r\n\r\nexport default enviornment;\r\n"],"mappings":";;;;;;AAAA,IAAMA,WAAW,GAAG;EACnBC,IAAI,EAAEC,OAAO,CAACC,GAAG,CAACF,IAAI,IAAI,IAAI;EAC9BG,SAAS,EAAEF,OAAO,CAACC,GAAG,CAACC,SAAS,IAAI;AACrC,CAAC;AAAC,IAAAC,QAAA,GAEaL,WAAW;AAAAM,OAAA,cAAAD,QAAA"},"_coverageSchema":"1a1c01bbd47fc00a2c39e90264f33305004495a9","hash":"23f22b0344ca5ced7a9368ccf46814bcf053c91e","contentHash":"b83de130d3ba4fba6152f3648c49999d26a05314f4fad7feb3832e27faf99f46"}}